[0.311s] Invoking command in '/home/ecd508/f1tenth_ws_4/src/build/teleop_tools_msgs': CMAKE_PREFIX_PATH=${CMAKE_PREFIX_PATH}:/home/ecd508/f1tenth_ws_4/install/f1tenth_stack:/home/ecd508/f1tenth_ws_4/install/joy_teleop:/home/ecd508/f1tenth_ws_4/install/mouse_teleop:/home/ecd508/f1tenth_ws_4/install/key_teleop:/opt/ros/humble:/home/ecd508/ros2_humble/install/rqt_bag_plugins:/home/ecd508/ros2_humble/install/rqt_bag:/home/ecd508/ros2_humble/install/launch_testing_examples:/home/ecd508/ros2_humble/install/ros2bag:/home/ecd508/ros2_humble/install/tracetools_test:/home/ecd508/ros2_humble/install/tracetools_launch:/home/ecd508/ros2_humble/install/topic_monitor:/home/ecd508/ros2_humble/install/tf2_tools:/home/ecd508/ros2_humble/install/examples_tf2_py:/home/ecd508/ros2_humble/install/tf2_ros_py:/home/ecd508/ros2_humble/install/sros2:/home/ecd508/ros2_humble/install/rqt_topic:/home/ecd508/ros2_humble/install/rqt_srv:/home/ecd508/ros2_humble/install/rqt_shell:/home/ecd508/ros2_humble/install/rqt_service_caller:/home/ecd508/ros2_humble/install/rqt_reconfigure:/home/ecd508/ros2_humble/install/rqt_py_console:/home/ecd508/ros2_humble/install/rqt_publisher:/home/ecd508/ros2_humble/install/rqt_plot:/home/ecd508/ros2_humble/install/rqt_action:/home/ecd508/ros2_humble/install/rqt_msg:/home/ecd508/ros2_humble/install/rqt_console:/home/ecd508/ros2_humble/install/rqt:/home/ecd508/ros2_humble/install/rqt_graph:/home/ecd508/ros2_humble/install/rqt_gui_py:/home/ecd508/ros2_humble/install/rqt_gui:/home/ecd508/ros2_humble/install/ros2trace:/home/ecd508/ros2_humble/install/ros2topic:/home/ecd508/ros2_humble/install/ros2test:/home/ecd508/ros2_humble/install/ros2component:/home/ecd508/ros2_humble/install/ros2param:/home/ecd508/ros2_humble/install/ros2lifecycle:/home/ecd508/ros2_humble/install/ros2service:/home/ecd508/ros2_humble/install/ros2run:/home/ecd508/ros2_humble/install/ros2launch:/home/ecd508/ros2_humble/install/ros2pkg:/home/ecd508/ros2_humble/install/ros2node:/home/ecd508/ros2_humble/install/ros2multicast:/home/ecd508/ros2_humble/install/ros2interface:/home/ecd508/ros2_humble/install/ros2doctor:/home/ecd508/ros2_humble/install/ros2action:/home/ecd508/ros2_humble/install/ros2cli:/home/ecd508/ros2_humble/install/quality_of_service_demo_py:/home/ecd508/ros2_humble/install/lifecycle_py:/home/ecd508/ros2_humble/install/launch_testing_ros:/home/ecd508/ros2_humble/install/launch_ros:/home/ecd508/ros2_humble/install/examples_rclpy_pointcloud_publisher:/home/ecd508/ros2_humble/install/examples_rclpy_minimal_subscriber:/home/ecd508/ros2_humble/install/examples_rclpy_minimal_service:/home/ecd508/ros2_humble/install/examples_rclpy_minimal_publisher:/home/ecd508/ros2_humble/install/examples_rclpy_minimal_client:/home/ecd508/ros2_humble/install/examples_rclpy_minimal_action_server:/home/ecd508/ros2_humble/install/examples_rclpy_minimal_action_client:/home/ecd508/ros2_humble/install/examples_rclpy_guard_conditions:/home/ecd508/ros2_humble/install/examples_rclpy_executors:/home/ecd508/ros2_humble/install/demo_nodes_py:/home/ecd508/ros2_humble/install/action_tutorials_py:/home/ecd508/ros2_humble/install/ament_uncrustify:/home/ecd508/ros2_humble/install/tracetools_trace:/home/ecd508/ros2_humble/install/tracetools_read:/home/ecd508/ros2_humble/install/test_tracetools_launch:/home/ecd508/ros2_humble/install/test_launch_ros:/home/ecd508/ros2_humble/install/sensor_msgs_py:/home/ecd508/ros2_humble/install/rpyutils:/home/ecd508/ros2_humble/install/rosidl_runtime_py:/home/ecd508/ros2_humble/install/rosidl_cli:/home/ecd508/ros2_humble/install/launch_pytest:/home/ecd508/ros2_humble/install/launch_testing:/home/ecd508/ros2_humble/install/launch_yaml:/home/ecd508/ros2_humble/install/launch_xml:/home/ecd508/ros2_humble/install/launch:/home/ecd508/ros2_humble/install/osrf_pycommon:/home/ecd508/ros2_humble/install/domain_coordinator:/home/ecd508/ros2_humble/install/ament_xmllint:/home/ecd508/ros2_humble/install/ament_pyflakes:/home/ecd508/ros2_humble/install/ament_pycodestyle:/home/ecd508/ros2_humble/install/ament_pep257:/home/ecd508/ros2_humble/install/ament_pclint:/home/ecd508/ros2_humble/install/ament_package:/home/ecd508/ros2_humble/install/ament_mypy:/home/ecd508/ros2_humble/install/ament_lint_cmake:/home/ecd508/ros2_humble/install/ament_flake8:/home/ecd508/ros2_humble/install/ament_copyright:/home/ecd508/ros2_humble/install/ament_lint:/home/ecd508/ros2_humble/install/ament_index_python:/home/ecd508/ros2_humble/install/ament_cpplint:/home/ecd508/ros2_humble/install/ament_cppcheck:/home/ecd508/ros2_humble/install/ament_clang_tidy:/home/ecd508/ros2_humble/install/ament_clang_format /usr/bin/cmake /home/ecd508/f1tenth_ws_4/src/f1tenth_system/teleop_tools/teleop_tools_msgs -DCMAKE_INSTALL_PREFIX=/home/ecd508/f1tenth_ws_4/src/install/teleop_tools_msgs
[1.729s] -- The C compiler identification is GNU 11.4.0
[1.729s] -- The CXX compiler identification is GNU 11.4.0
[1.730s] -- Detecting C compiler ABI info
[1.730s] -- Detecting C compiler ABI info - done
[1.730s] -- Check for working C compiler: /usr/bin/cc - skipped
[1.730s] -- Detecting C compile features
[1.731s] -- Detecting C compile features - done
[1.731s] -- Detecting CXX compiler ABI info
[1.731s] -- Detecting CXX compiler ABI info - done
[1.731s] -- Check for working CXX compiler: /usr/bin/c++ - skipped
[1.731s] -- Detecting CXX compile features
[1.731s] -- Detecting CXX compile features - done
[1.731s] -- Found ament_cmake: 1.3.10 (/home/ecd508/ros2_humble/install/ament_cmake/share/ament_cmake/cmake)
[2.989s] -- Found Python3: /usr/bin/python3 (found version "3.10.12") found components: Interpreter 
[4.119s] -- Found rosidl_default_generators: 1.2.0 (/home/ecd508/ros2_humble/install/rosidl_default_generators/share/rosidl_default_generators/cmake)
[4.380s] -- Using all available rosidl_typesupport_c: rosidl_typesupport_fastrtps_c;rosidl_typesupport_introspection_c
[4.486s] -- Found rosidl_adapter: 3.1.5 (/home/ecd508/ros2_humble/install/rosidl_adapter/share/rosidl_adapter/cmake)
[4.928s] -- Using all available rosidl_typesupport_cpp: rosidl_typesupport_fastrtps_cpp;rosidl_typesupport_introspection_cpp
[5.213s] -- Found ament_lint_auto: 0.12.11 (/home/ecd508/ros2_humble/install/ament_lint_auto/share/ament_lint_auto/cmake)
[7.696s] -- Found ament_cmake_ros: 0.10.0 (/home/ecd508/ros2_humble/install/ament_cmake_ros/share/ament_cmake_ros/cmake)
[9.185s] -- Using all available rosidl_typesupport_c: rosidl_typesupport_fastrtps_c;rosidl_typesupport_introspection_c
[11.104s] -- Using all available rosidl_typesupport_cpp: rosidl_typesupport_fastrtps_cpp;rosidl_typesupport_introspection_cpp
[11.314s] -- Found PythonInterp: /usr/bin/python3 (found suitable version "3.10.12", minimum required is "3.6") 
[11.346s] -- Found python_cmake_module: 0.10.0 (/home/ecd508/ros2_humble/install/python_cmake_module/share/python_cmake_module/cmake)
[11.576s] -- Found PythonLibs: /usr/lib/aarch64-linux-gnu/libpython3.10.so (found suitable version "3.10.12", minimum required is "3.5") 
[11.576s] -- Using PYTHON_EXECUTABLE: /usr/bin/python3
[11.577s] -- Using PYTHON_INCLUDE_DIRS: /usr/include/python3.10
[11.577s] -- Using PYTHON_LIBRARIES: /usr/lib/aarch64-linux-gnu/libpython3.10.so
[11.765s] -- Found PythonExtra: .so  
[12.941s] -- Added test 'copyright' to check source files copyright and LICENSE
[12.970s] -- Added test 'lint_cmake' to check CMake code style
[12.983s] -- Added test 'xmllint' to check XML markup files
[13.043s] -- Configuring done
[13.239s] -- Generating done
[13.244s] -- Build files have been written to: /home/ecd508/f1tenth_ws_4/src/build/teleop_tools_msgs
[13.314s] Invoked command in '/home/ecd508/f1tenth_ws_4/src/build/teleop_tools_msgs' returned '0': CMAKE_PREFIX_PATH=${CMAKE_PREFIX_PATH}:/home/ecd508/f1tenth_ws_4/install/f1tenth_stack:/home/ecd508/f1tenth_ws_4/install/joy_teleop:/home/ecd508/f1tenth_ws_4/install/mouse_teleop:/home/ecd508/f1tenth_ws_4/install/key_teleop:/opt/ros/humble:/home/ecd508/ros2_humble/install/rqt_bag_plugins:/home/ecd508/ros2_humble/install/rqt_bag:/home/ecd508/ros2_humble/install/launch_testing_examples:/home/ecd508/ros2_humble/install/ros2bag:/home/ecd508/ros2_humble/install/tracetools_test:/home/ecd508/ros2_humble/install/tracetools_launch:/home/ecd508/ros2_humble/install/topic_monitor:/home/ecd508/ros2_humble/install/tf2_tools:/home/ecd508/ros2_humble/install/examples_tf2_py:/home/ecd508/ros2_humble/install/tf2_ros_py:/home/ecd508/ros2_humble/install/sros2:/home/ecd508/ros2_humble/install/rqt_topic:/home/ecd508/ros2_humble/install/rqt_srv:/home/ecd508/ros2_humble/install/rqt_shell:/home/ecd508/ros2_humble/install/rqt_service_caller:/home/ecd508/ros2_humble/install/rqt_reconfigure:/home/ecd508/ros2_humble/install/rqt_py_console:/home/ecd508/ros2_humble/install/rqt_publisher:/home/ecd508/ros2_humble/install/rqt_plot:/home/ecd508/ros2_humble/install/rqt_action:/home/ecd508/ros2_humble/install/rqt_msg:/home/ecd508/ros2_humble/install/rqt_console:/home/ecd508/ros2_humble/install/rqt:/home/ecd508/ros2_humble/install/rqt_graph:/home/ecd508/ros2_humble/install/rqt_gui_py:/home/ecd508/ros2_humble/install/rqt_gui:/home/ecd508/ros2_humble/install/ros2trace:/home/ecd508/ros2_humble/install/ros2topic:/home/ecd508/ros2_humble/install/ros2test:/home/ecd508/ros2_humble/install/ros2component:/home/ecd508/ros2_humble/install/ros2param:/home/ecd508/ros2_humble/install/ros2lifecycle:/home/ecd508/ros2_humble/install/ros2service:/home/ecd508/ros2_humble/install/ros2run:/home/ecd508/ros2_humble/install/ros2launch:/home/ecd508/ros2_humble/install/ros2pkg:/home/ecd508/ros2_humble/install/ros2node:/home/ecd508/ros2_humble/install/ros2multicast:/home/ecd508/ros2_humble/install/ros2interface:/home/ecd508/ros2_humble/install/ros2doctor:/home/ecd508/ros2_humble/install/ros2action:/home/ecd508/ros2_humble/install/ros2cli:/home/ecd508/ros2_humble/install/quality_of_service_demo_py:/home/ecd508/ros2_humble/install/lifecycle_py:/home/ecd508/ros2_humble/install/launch_testing_ros:/home/ecd508/ros2_humble/install/launch_ros:/home/ecd508/ros2_humble/install/examples_rclpy_pointcloud_publisher:/home/ecd508/ros2_humble/install/examples_rclpy_minimal_subscriber:/home/ecd508/ros2_humble/install/examples_rclpy_minimal_service:/home/ecd508/ros2_humble/install/examples_rclpy_minimal_publisher:/home/ecd508/ros2_humble/install/examples_rclpy_minimal_client:/home/ecd508/ros2_humble/install/examples_rclpy_minimal_action_server:/home/ecd508/ros2_humble/install/examples_rclpy_minimal_action_client:/home/ecd508/ros2_humble/install/examples_rclpy_guard_conditions:/home/ecd508/ros2_humble/install/examples_rclpy_executors:/home/ecd508/ros2_humble/install/demo_nodes_py:/home/ecd508/ros2_humble/install/action_tutorials_py:/home/ecd508/ros2_humble/install/ament_uncrustify:/home/ecd508/ros2_humble/install/tracetools_trace:/home/ecd508/ros2_humble/install/tracetools_read:/home/ecd508/ros2_humble/install/test_tracetools_launch:/home/ecd508/ros2_humble/install/test_launch_ros:/home/ecd508/ros2_humble/install/sensor_msgs_py:/home/ecd508/ros2_humble/install/rpyutils:/home/ecd508/ros2_humble/install/rosidl_runtime_py:/home/ecd508/ros2_humble/install/rosidl_cli:/home/ecd508/ros2_humble/install/launch_pytest:/home/ecd508/ros2_humble/install/launch_testing:/home/ecd508/ros2_humble/install/launch_yaml:/home/ecd508/ros2_humble/install/launch_xml:/home/ecd508/ros2_humble/install/launch:/home/ecd508/ros2_humble/install/osrf_pycommon:/home/ecd508/ros2_humble/install/domain_coordinator:/home/ecd508/ros2_humble/install/ament_xmllint:/home/ecd508/ros2_humble/install/ament_pyflakes:/home/ecd508/ros2_humble/install/ament_pycodestyle:/home/ecd508/ros2_humble/install/ament_pep257:/home/ecd508/ros2_humble/install/ament_pclint:/home/ecd508/ros2_humble/install/ament_package:/home/ecd508/ros2_humble/install/ament_mypy:/home/ecd508/ros2_humble/install/ament_lint_cmake:/home/ecd508/ros2_humble/install/ament_flake8:/home/ecd508/ros2_humble/install/ament_copyright:/home/ecd508/ros2_humble/install/ament_lint:/home/ecd508/ros2_humble/install/ament_index_python:/home/ecd508/ros2_humble/install/ament_cpplint:/home/ecd508/ros2_humble/install/ament_cppcheck:/home/ecd508/ros2_humble/install/ament_clang_tidy:/home/ecd508/ros2_humble/install/ament_clang_format /usr/bin/cmake /home/ecd508/f1tenth_ws_4/src/f1tenth_system/teleop_tools/teleop_tools_msgs -DCMAKE_INSTALL_PREFIX=/home/ecd508/f1tenth_ws_4/src/install/teleop_tools_msgs
[13.335s] Invoking command in '/home/ecd508/f1tenth_ws_4/src/build/teleop_tools_msgs': CMAKE_PREFIX_PATH=${CMAKE_PREFIX_PATH}:/home/ecd508/f1tenth_ws_4/install/f1tenth_stack:/home/ecd508/f1tenth_ws_4/install/joy_teleop:/home/ecd508/f1tenth_ws_4/install/mouse_teleop:/home/ecd508/f1tenth_ws_4/install/key_teleop:/opt/ros/humble:/home/ecd508/ros2_humble/install/rqt_bag_plugins:/home/ecd508/ros2_humble/install/rqt_bag:/home/ecd508/ros2_humble/install/launch_testing_examples:/home/ecd508/ros2_humble/install/ros2bag:/home/ecd508/ros2_humble/install/tracetools_test:/home/ecd508/ros2_humble/install/tracetools_launch:/home/ecd508/ros2_humble/install/topic_monitor:/home/ecd508/ros2_humble/install/tf2_tools:/home/ecd508/ros2_humble/install/examples_tf2_py:/home/ecd508/ros2_humble/install/tf2_ros_py:/home/ecd508/ros2_humble/install/sros2:/home/ecd508/ros2_humble/install/rqt_topic:/home/ecd508/ros2_humble/install/rqt_srv:/home/ecd508/ros2_humble/install/rqt_shell:/home/ecd508/ros2_humble/install/rqt_service_caller:/home/ecd508/ros2_humble/install/rqt_reconfigure:/home/ecd508/ros2_humble/install/rqt_py_console:/home/ecd508/ros2_humble/install/rqt_publisher:/home/ecd508/ros2_humble/install/rqt_plot:/home/ecd508/ros2_humble/install/rqt_action:/home/ecd508/ros2_humble/install/rqt_msg:/home/ecd508/ros2_humble/install/rqt_console:/home/ecd508/ros2_humble/install/rqt:/home/ecd508/ros2_humble/install/rqt_graph:/home/ecd508/ros2_humble/install/rqt_gui_py:/home/ecd508/ros2_humble/install/rqt_gui:/home/ecd508/ros2_humble/install/ros2trace:/home/ecd508/ros2_humble/install/ros2topic:/home/ecd508/ros2_humble/install/ros2test:/home/ecd508/ros2_humble/install/ros2component:/home/ecd508/ros2_humble/install/ros2param:/home/ecd508/ros2_humble/install/ros2lifecycle:/home/ecd508/ros2_humble/install/ros2service:/home/ecd508/ros2_humble/install/ros2run:/home/ecd508/ros2_humble/install/ros2launch:/home/ecd508/ros2_humble/install/ros2pkg:/home/ecd508/ros2_humble/install/ros2node:/home/ecd508/ros2_humble/install/ros2multicast:/home/ecd508/ros2_humble/install/ros2interface:/home/ecd508/ros2_humble/install/ros2doctor:/home/ecd508/ros2_humble/install/ros2action:/home/ecd508/ros2_humble/install/ros2cli:/home/ecd508/ros2_humble/install/quality_of_service_demo_py:/home/ecd508/ros2_humble/install/lifecycle_py:/home/ecd508/ros2_humble/install/launch_testing_ros:/home/ecd508/ros2_humble/install/launch_ros:/home/ecd508/ros2_humble/install/examples_rclpy_pointcloud_publisher:/home/ecd508/ros2_humble/install/examples_rclpy_minimal_subscriber:/home/ecd508/ros2_humble/install/examples_rclpy_minimal_service:/home/ecd508/ros2_humble/install/examples_rclpy_minimal_publisher:/home/ecd508/ros2_humble/install/examples_rclpy_minimal_client:/home/ecd508/ros2_humble/install/examples_rclpy_minimal_action_server:/home/ecd508/ros2_humble/install/examples_rclpy_minimal_action_client:/home/ecd508/ros2_humble/install/examples_rclpy_guard_conditions:/home/ecd508/ros2_humble/install/examples_rclpy_executors:/home/ecd508/ros2_humble/install/demo_nodes_py:/home/ecd508/ros2_humble/install/action_tutorials_py:/home/ecd508/ros2_humble/install/ament_uncrustify:/home/ecd508/ros2_humble/install/tracetools_trace:/home/ecd508/ros2_humble/install/tracetools_read:/home/ecd508/ros2_humble/install/test_tracetools_launch:/home/ecd508/ros2_humble/install/test_launch_ros:/home/ecd508/ros2_humble/install/sensor_msgs_py:/home/ecd508/ros2_humble/install/rpyutils:/home/ecd508/ros2_humble/install/rosidl_runtime_py:/home/ecd508/ros2_humble/install/rosidl_cli:/home/ecd508/ros2_humble/install/launch_pytest:/home/ecd508/ros2_humble/install/launch_testing:/home/ecd508/ros2_humble/install/launch_yaml:/home/ecd508/ros2_humble/install/launch_xml:/home/ecd508/ros2_humble/install/launch:/home/ecd508/ros2_humble/install/osrf_pycommon:/home/ecd508/ros2_humble/install/domain_coordinator:/home/ecd508/ros2_humble/install/ament_xmllint:/home/ecd508/ros2_humble/install/ament_pyflakes:/home/ecd508/ros2_humble/install/ament_pycodestyle:/home/ecd508/ros2_humble/install/ament_pep257:/home/ecd508/ros2_humble/install/ament_pclint:/home/ecd508/ros2_humble/install/ament_package:/home/ecd508/ros2_humble/install/ament_mypy:/home/ecd508/ros2_humble/install/ament_lint_cmake:/home/ecd508/ros2_humble/install/ament_flake8:/home/ecd508/ros2_humble/install/ament_copyright:/home/ecd508/ros2_humble/install/ament_lint:/home/ecd508/ros2_humble/install/ament_index_python:/home/ecd508/ros2_humble/install/ament_cpplint:/home/ecd508/ros2_humble/install/ament_cppcheck:/home/ecd508/ros2_humble/install/ament_clang_tidy:/home/ecd508/ros2_humble/install/ament_clang_format /usr/bin/cmake --build /home/ecd508/f1tenth_ws_4/src/build/teleop_tools_msgs -- -j6 -l6
[13.828s] [  3%] [34m[1mGenerating C code for ROS interfaces[0m
[13.994s] [  6%] [34m[1mGenerating C++ code for ROS interfaces[0m
[14.103s] [  6%] Built target ament_cmake_python_copy_teleop_tools_msgs
[17.566s] running egg_info
[17.569s] creating teleop_tools_msgs.egg-info
[17.579s] writing teleop_tools_msgs.egg-info/PKG-INFO
[17.580s] writing dependency_links to teleop_tools_msgs.egg-info/dependency_links.txt
[17.581s] writing top-level names to teleop_tools_msgs.egg-info/top_level.txt
[17.583s] writing manifest file 'teleop_tools_msgs.egg-info/SOURCES.txt'
[17.590s] reading manifest file 'teleop_tools_msgs.egg-info/SOURCES.txt'
[17.595s] [  9%] [32mBuilding C object CMakeFiles/teleop_tools_msgs__rosidl_generator_c.dir/rosidl_generator_c/teleop_tools_msgs/action/detail/increment__functions.c.o[0m
[17.597s] writing manifest file 'teleop_tools_msgs.egg-info/SOURCES.txt'
[17.733s] [  9%] Built target teleop_tools_msgs__cpp
[17.896s] [ 12%] [34m[1mGenerating C++ introspection for ROS interfaces[0m
[17.938s] [ 16%] [34m[1mGenerating C++ type support for eProsima Fast-RTPS[0m
[17.995s] [ 19%] [34m[1mGenerating C++ type support dispatch for ROS interfaces[0m
[18.008s] [ 19%] Built target ament_cmake_python_build_teleop_tools_msgs_egg
[18.536s] [ 22%] [32m[1mLinking C shared library libteleop_tools_msgs__rosidl_generator_c.so[0m
[19.057s] [ 22%] Built target teleop_tools_msgs__rosidl_generator_c
[19.250s] [ 25%] [34m[1mGenerating C type support dispatch for ROS interfaces[0m
[19.261s] [ 32%] [34m[1mGenerating C introspection for ROS interfaces[0m
[19.265s] [ 29%] [34m[1mGenerating C type support for eProsima Fast-RTPS[0m
[21.584s] [ 35%] [32mBuilding CXX object CMakeFiles/teleop_tools_msgs__rosidl_typesupport_cpp.dir/rosidl_typesupport_cpp/teleop_tools_msgs/action/increment__type_support.cpp.o[0m
[21.965s] [ 38%] [32mBuilding CXX object CMakeFiles/teleop_tools_msgs__rosidl_typesupport_introspection_cpp.dir/rosidl_typesupport_introspection_cpp/teleop_tools_msgs/action/detail/increment__type_support.cpp.o[0m
[22.547s] [ 41%] [32mBuilding CXX object CMakeFiles/teleop_tools_msgs__rosidl_typesupport_fastrtps_cpp.dir/rosidl_typesupport_fastrtps_cpp/teleop_tools_msgs/action/detail/dds_fastrtps/increment__type_support.cpp.o[0m
[22.714s] [ 45%] [32mBuilding CXX object CMakeFiles/teleop_tools_msgs__rosidl_typesupport_c.dir/rosidl_typesupport_c/teleop_tools_msgs/action/increment__type_support.cpp.o[0m
[23.348s] [ 48%] [32m[1mLinking CXX shared library libteleop_tools_msgs__rosidl_typesupport_c.so[0m
[23.753s] [ 51%] [32mBuilding CXX object CMakeFiles/teleop_tools_msgs__rosidl_typesupport_fastrtps_c.dir/rosidl_typesupport_fastrtps_c/teleop_tools_msgs/action/detail/increment__type_support_c.cpp.o[0m
[23.765s] [ 54%] [32mBuilding C object CMakeFiles/teleop_tools_msgs__rosidl_typesupport_introspection_c.dir/rosidl_typesupport_introspection_c/teleop_tools_msgs/action/detail/increment__type_support.c.o[0m
[23.926s] [ 54%] Built target teleop_tools_msgs__rosidl_typesupport_c
[24.359s] [ 58%] [32m[1mLinking C shared library libteleop_tools_msgs__rosidl_typesupport_introspection_c.so[0m
[24.845s] [ 58%] Built target teleop_tools_msgs__rosidl_typesupport_introspection_c
[25.189s] [ 61%] [32m[1mLinking CXX shared library libteleop_tools_msgs__rosidl_typesupport_cpp.so[0m
[25.581s] [ 61%] Built target teleop_tools_msgs__rosidl_typesupport_cpp
[26.296s] [ 64%] [32m[1mLinking CXX shared library libteleop_tools_msgs__rosidl_typesupport_fastrtps_c.so[0m
[26.659s] [ 67%] [32m[1mLinking CXX shared library libteleop_tools_msgs__rosidl_typesupport_introspection_cpp.so[0m
[26.996s] [ 67%] Built target teleop_tools_msgs__rosidl_typesupport_fastrtps_c
[27.055s] [ 70%] [32m[1mLinking CXX shared library libteleop_tools_msgs__rosidl_typesupport_fastrtps_cpp.so[0m
[27.260s] [ 70%] Built target teleop_tools_msgs__rosidl_typesupport_introspection_cpp
[27.743s] [ 70%] Built target teleop_tools_msgs__rosidl_typesupport_fastrtps_cpp
[27.994s] [ 70%] Built target teleop_tools_msgs
[28.177s] [ 74%] [34m[1mGenerating Python code for ROS interfaces[0m
[32.939s] [ 74%] Built target teleop_tools_msgs__py
[33.164s] [ 77%] [32mBuilding C object CMakeFiles/teleop_tools_msgs__rosidl_generator_py.dir/rosidl_generator_py/teleop_tools_msgs/action/_increment_s.c.o[0m
[33.812s] [ 80%] [32m[1mLinking C shared library rosidl_generator_py/teleop_tools_msgs/libteleop_tools_msgs__rosidl_generator_py.so[0m
[34.141s] [ 80%] Built target teleop_tools_msgs__rosidl_generator_py
[34.366s] [ 83%] [32mBuilding C object CMakeFiles/teleop_tools_msgs__rosidl_typesupport_fastrtps_c__pyext.dir/rosidl_generator_py/teleop_tools_msgs/_teleop_tools_msgs_s.ep.rosidl_typesupport_fastrtps_c.c.o[0m
[34.437s] [ 87%] [32mBuilding C object CMakeFiles/teleop_tools_msgs__rosidl_typesupport_c__pyext.dir/rosidl_generator_py/teleop_tools_msgs/_teleop_tools_msgs_s.ep.rosidl_typesupport_c.c.o[0m
[34.476s] [ 90%] [32mBuilding C object CMakeFiles/teleop_tools_msgs__rosidl_typesupport_introspection_c__pyext.dir/rosidl_generator_py/teleop_tools_msgs/_teleop_tools_msgs_s.ep.rosidl_typesupport_introspection_c.c.o[0m
[34.875s] [ 93%] [32m[1mLinking C shared library rosidl_generator_py/teleop_tools_msgs/teleop_tools_msgs_s__rosidl_typesupport_fastrtps_c.cpython-310-aarch64-linux-gnu.so[0m
[35.011s] [ 96%] [32m[1mLinking C shared library rosidl_generator_py/teleop_tools_msgs/teleop_tools_msgs_s__rosidl_typesupport_c.cpython-310-aarch64-linux-gnu.so[0m
[35.188s] [ 96%] Built target teleop_tools_msgs__rosidl_typesupport_c__pyext
[35.223s] [100%] [32m[1mLinking C shared library rosidl_generator_py/teleop_tools_msgs/teleop_tools_msgs_s__rosidl_typesupport_introspection_c.cpython-310-aarch64-linux-gnu.so[0m
[35.226s] [100%] Built target teleop_tools_msgs__rosidl_typesupport_fastrtps_c__pyext
[35.523s] [100%] Built target teleop_tools_msgs__rosidl_typesupport_introspection_c__pyext
[35.629s] Invoked command in '/home/ecd508/f1tenth_ws_4/src/build/teleop_tools_msgs' returned '0': CMAKE_PREFIX_PATH=${CMAKE_PREFIX_PATH}:/home/ecd508/f1tenth_ws_4/install/f1tenth_stack:/home/ecd508/f1tenth_ws_4/install/joy_teleop:/home/ecd508/f1tenth_ws_4/install/mouse_teleop:/home/ecd508/f1tenth_ws_4/install/key_teleop:/opt/ros/humble:/home/ecd508/ros2_humble/install/rqt_bag_plugins:/home/ecd508/ros2_humble/install/rqt_bag:/home/ecd508/ros2_humble/install/launch_testing_examples:/home/ecd508/ros2_humble/install/ros2bag:/home/ecd508/ros2_humble/install/tracetools_test:/home/ecd508/ros2_humble/install/tracetools_launch:/home/ecd508/ros2_humble/install/topic_monitor:/home/ecd508/ros2_humble/install/tf2_tools:/home/ecd508/ros2_humble/install/examples_tf2_py:/home/ecd508/ros2_humble/install/tf2_ros_py:/home/ecd508/ros2_humble/install/sros2:/home/ecd508/ros2_humble/install/rqt_topic:/home/ecd508/ros2_humble/install/rqt_srv:/home/ecd508/ros2_humble/install/rqt_shell:/home/ecd508/ros2_humble/install/rqt_service_caller:/home/ecd508/ros2_humble/install/rqt_reconfigure:/home/ecd508/ros2_humble/install/rqt_py_console:/home/ecd508/ros2_humble/install/rqt_publisher:/home/ecd508/ros2_humble/install/rqt_plot:/home/ecd508/ros2_humble/install/rqt_action:/home/ecd508/ros2_humble/install/rqt_msg:/home/ecd508/ros2_humble/install/rqt_console:/home/ecd508/ros2_humble/install/rqt:/home/ecd508/ros2_humble/install/rqt_graph:/home/ecd508/ros2_humble/install/rqt_gui_py:/home/ecd508/ros2_humble/install/rqt_gui:/home/ecd508/ros2_humble/install/ros2trace:/home/ecd508/ros2_humble/install/ros2topic:/home/ecd508/ros2_humble/install/ros2test:/home/ecd508/ros2_humble/install/ros2component:/home/ecd508/ros2_humble/install/ros2param:/home/ecd508/ros2_humble/install/ros2lifecycle:/home/ecd508/ros2_humble/install/ros2service:/home/ecd508/ros2_humble/install/ros2run:/home/ecd508/ros2_humble/install/ros2launch:/home/ecd508/ros2_humble/install/ros2pkg:/home/ecd508/ros2_humble/install/ros2node:/home/ecd508/ros2_humble/install/ros2multicast:/home/ecd508/ros2_humble/install/ros2interface:/home/ecd508/ros2_humble/install/ros2doctor:/home/ecd508/ros2_humble/install/ros2action:/home/ecd508/ros2_humble/install/ros2cli:/home/ecd508/ros2_humble/install/quality_of_service_demo_py:/home/ecd508/ros2_humble/install/lifecycle_py:/home/ecd508/ros2_humble/install/launch_testing_ros:/home/ecd508/ros2_humble/install/launch_ros:/home/ecd508/ros2_humble/install/examples_rclpy_pointcloud_publisher:/home/ecd508/ros2_humble/install/examples_rclpy_minimal_subscriber:/home/ecd508/ros2_humble/install/examples_rclpy_minimal_service:/home/ecd508/ros2_humble/install/examples_rclpy_minimal_publisher:/home/ecd508/ros2_humble/install/examples_rclpy_minimal_client:/home/ecd508/ros2_humble/install/examples_rclpy_minimal_action_server:/home/ecd508/ros2_humble/install/examples_rclpy_minimal_action_client:/home/ecd508/ros2_humble/install/examples_rclpy_guard_conditions:/home/ecd508/ros2_humble/install/examples_rclpy_executors:/home/ecd508/ros2_humble/install/demo_nodes_py:/home/ecd508/ros2_humble/install/action_tutorials_py:/home/ecd508/ros2_humble/install/ament_uncrustify:/home/ecd508/ros2_humble/install/tracetools_trace:/home/ecd508/ros2_humble/install/tracetools_read:/home/ecd508/ros2_humble/install/test_tracetools_launch:/home/ecd508/ros2_humble/install/test_launch_ros:/home/ecd508/ros2_humble/install/sensor_msgs_py:/home/ecd508/ros2_humble/install/rpyutils:/home/ecd508/ros2_humble/install/rosidl_runtime_py:/home/ecd508/ros2_humble/install/rosidl_cli:/home/ecd508/ros2_humble/install/launch_pytest:/home/ecd508/ros2_humble/install/launch_testing:/home/ecd508/ros2_humble/install/launch_yaml:/home/ecd508/ros2_humble/install/launch_xml:/home/ecd508/ros2_humble/install/launch:/home/ecd508/ros2_humble/install/osrf_pycommon:/home/ecd508/ros2_humble/install/domain_coordinator:/home/ecd508/ros2_humble/install/ament_xmllint:/home/ecd508/ros2_humble/install/ament_pyflakes:/home/ecd508/ros2_humble/install/ament_pycodestyle:/home/ecd508/ros2_humble/install/ament_pep257:/home/ecd508/ros2_humble/install/ament_pclint:/home/ecd508/ros2_humble/install/ament_package:/home/ecd508/ros2_humble/install/ament_mypy:/home/ecd508/ros2_humble/install/ament_lint_cmake:/home/ecd508/ros2_humble/install/ament_flake8:/home/ecd508/ros2_humble/install/ament_copyright:/home/ecd508/ros2_humble/install/ament_lint:/home/ecd508/ros2_humble/install/ament_index_python:/home/ecd508/ros2_humble/install/ament_cpplint:/home/ecd508/ros2_humble/install/ament_cppcheck:/home/ecd508/ros2_humble/install/ament_clang_tidy:/home/ecd508/ros2_humble/install/ament_clang_format /usr/bin/cmake --build /home/ecd508/f1tenth_ws_4/src/build/teleop_tools_msgs -- -j6 -l6
[36.360s] Invoking command in '/home/ecd508/f1tenth_ws_4/src/build/teleop_tools_msgs': CMAKE_PREFIX_PATH=${CMAKE_PREFIX_PATH}:/home/ecd508/f1tenth_ws_4/install/f1tenth_stack:/home/ecd508/f1tenth_ws_4/install/joy_teleop:/home/ecd508/f1tenth_ws_4/install/mouse_teleop:/home/ecd508/f1tenth_ws_4/install/key_teleop:/opt/ros/humble:/home/ecd508/ros2_humble/install/rqt_bag_plugins:/home/ecd508/ros2_humble/install/rqt_bag:/home/ecd508/ros2_humble/install/launch_testing_examples:/home/ecd508/ros2_humble/install/ros2bag:/home/ecd508/ros2_humble/install/tracetools_test:/home/ecd508/ros2_humble/install/tracetools_launch:/home/ecd508/ros2_humble/install/topic_monitor:/home/ecd508/ros2_humble/install/tf2_tools:/home/ecd508/ros2_humble/install/examples_tf2_py:/home/ecd508/ros2_humble/install/tf2_ros_py:/home/ecd508/ros2_humble/install/sros2:/home/ecd508/ros2_humble/install/rqt_topic:/home/ecd508/ros2_humble/install/rqt_srv:/home/ecd508/ros2_humble/install/rqt_shell:/home/ecd508/ros2_humble/install/rqt_service_caller:/home/ecd508/ros2_humble/install/rqt_reconfigure:/home/ecd508/ros2_humble/install/rqt_py_console:/home/ecd508/ros2_humble/install/rqt_publisher:/home/ecd508/ros2_humble/install/rqt_plot:/home/ecd508/ros2_humble/install/rqt_action:/home/ecd508/ros2_humble/install/rqt_msg:/home/ecd508/ros2_humble/install/rqt_console:/home/ecd508/ros2_humble/install/rqt:/home/ecd508/ros2_humble/install/rqt_graph:/home/ecd508/ros2_humble/install/rqt_gui_py:/home/ecd508/ros2_humble/install/rqt_gui:/home/ecd508/ros2_humble/install/ros2trace:/home/ecd508/ros2_humble/install/ros2topic:/home/ecd508/ros2_humble/install/ros2test:/home/ecd508/ros2_humble/install/ros2component:/home/ecd508/ros2_humble/install/ros2param:/home/ecd508/ros2_humble/install/ros2lifecycle:/home/ecd508/ros2_humble/install/ros2service:/home/ecd508/ros2_humble/install/ros2run:/home/ecd508/ros2_humble/install/ros2launch:/home/ecd508/ros2_humble/install/ros2pkg:/home/ecd508/ros2_humble/install/ros2node:/home/ecd508/ros2_humble/install/ros2multicast:/home/ecd508/ros2_humble/install/ros2interface:/home/ecd508/ros2_humble/install/ros2doctor:/home/ecd508/ros2_humble/install/ros2action:/home/ecd508/ros2_humble/install/ros2cli:/home/ecd508/ros2_humble/install/quality_of_service_demo_py:/home/ecd508/ros2_humble/install/lifecycle_py:/home/ecd508/ros2_humble/install/launch_testing_ros:/home/ecd508/ros2_humble/install/launch_ros:/home/ecd508/ros2_humble/install/examples_rclpy_pointcloud_publisher:/home/ecd508/ros2_humble/install/examples_rclpy_minimal_subscriber:/home/ecd508/ros2_humble/install/examples_rclpy_minimal_service:/home/ecd508/ros2_humble/install/examples_rclpy_minimal_publisher:/home/ecd508/ros2_humble/install/examples_rclpy_minimal_client:/home/ecd508/ros2_humble/install/examples_rclpy_minimal_action_server:/home/ecd508/ros2_humble/install/examples_rclpy_minimal_action_client:/home/ecd508/ros2_humble/install/examples_rclpy_guard_conditions:/home/ecd508/ros2_humble/install/examples_rclpy_executors:/home/ecd508/ros2_humble/install/demo_nodes_py:/home/ecd508/ros2_humble/install/action_tutorials_py:/home/ecd508/ros2_humble/install/ament_uncrustify:/home/ecd508/ros2_humble/install/tracetools_trace:/home/ecd508/ros2_humble/install/tracetools_read:/home/ecd508/ros2_humble/install/test_tracetools_launch:/home/ecd508/ros2_humble/install/test_launch_ros:/home/ecd508/ros2_humble/install/sensor_msgs_py:/home/ecd508/ros2_humble/install/rpyutils:/home/ecd508/ros2_humble/install/rosidl_runtime_py:/home/ecd508/ros2_humble/install/rosidl_cli:/home/ecd508/ros2_humble/install/launch_pytest:/home/ecd508/ros2_humble/install/launch_testing:/home/ecd508/ros2_humble/install/launch_yaml:/home/ecd508/ros2_humble/install/launch_xml:/home/ecd508/ros2_humble/install/launch:/home/ecd508/ros2_humble/install/osrf_pycommon:/home/ecd508/ros2_humble/install/domain_coordinator:/home/ecd508/ros2_humble/install/ament_xmllint:/home/ecd508/ros2_humble/install/ament_pyflakes:/home/ecd508/ros2_humble/install/ament_pycodestyle:/home/ecd508/ros2_humble/install/ament_pep257:/home/ecd508/ros2_humble/install/ament_pclint:/home/ecd508/ros2_humble/install/ament_package:/home/ecd508/ros2_humble/install/ament_mypy:/home/ecd508/ros2_humble/install/ament_lint_cmake:/home/ecd508/ros2_humble/install/ament_flake8:/home/ecd508/ros2_humble/install/ament_copyright:/home/ecd508/ros2_humble/install/ament_lint:/home/ecd508/ros2_humble/install/ament_index_python:/home/ecd508/ros2_humble/install/ament_cpplint:/home/ecd508/ros2_humble/install/ament_cppcheck:/home/ecd508/ros2_humble/install/ament_clang_tidy:/home/ecd508/ros2_humble/install/ament_clang_format /usr/bin/cmake --install /home/ecd508/f1tenth_ws_4/src/build/teleop_tools_msgs
[36.407s] -- Install configuration: ""
[36.408s] -- Installing: /home/ecd508/f1tenth_ws_4/src/install/teleop_tools_msgs/share/ament_index/resource_index/rosidl_interfaces/teleop_tools_msgs
[36.409s] -- Installing: /home/ecd508/f1tenth_ws_4/src/install/teleop_tools_msgs/include/teleop_tools_msgs/teleop_tools_msgs
[36.409s] -- Installing: /home/ecd508/f1tenth_ws_4/src/install/teleop_tools_msgs/include/teleop_tools_msgs/teleop_tools_msgs/msg
[36.410s] -- Installing: /home/ecd508/f1tenth_ws_4/src/install/teleop_tools_msgs/include/teleop_tools_msgs/teleop_tools_msgs/msg/rosidl_generator_c__visibility_control.h
[36.410s] -- Installing: /home/ecd508/f1tenth_ws_4/src/install/teleop_tools_msgs/include/teleop_tools_msgs/teleop_tools_msgs/action
[36.410s] -- Installing: /home/ecd508/f1tenth_ws_4/src/install/teleop_tools_msgs/include/teleop_tools_msgs/teleop_tools_msgs/action/detail
[36.410s] -- Installing: /home/ecd508/f1tenth_ws_4/src/install/teleop_tools_msgs/include/teleop_tools_msgs/teleop_tools_msgs/action/detail/increment__struct.h
[36.411s] -- Installing: /home/ecd508/f1tenth_ws_4/src/install/teleop_tools_msgs/include/teleop_tools_msgs/teleop_tools_msgs/action/detail/increment__type_support.h
[36.411s] -- Installing: /home/ecd508/f1tenth_ws_4/src/install/teleop_tools_msgs/include/teleop_tools_msgs/teleop_tools_msgs/action/detail/increment__functions.h
[36.412s] -- Installing: /home/ecd508/f1tenth_ws_4/src/install/teleop_tools_msgs/include/teleop_tools_msgs/teleop_tools_msgs/action/detail/increment__functions.c
[36.412s] -- Installing: /home/ecd508/f1tenth_ws_4/src/install/teleop_tools_msgs/include/teleop_tools_msgs/teleop_tools_msgs/action/increment.h
[36.413s] -- Installing: /home/ecd508/f1tenth_ws_4/src/install/teleop_tools_msgs/share/teleop_tools_msgs/environment/library_path.sh
[36.413s] -- Installing: /home/ecd508/f1tenth_ws_4/src/install/teleop_tools_msgs/share/teleop_tools_msgs/environment/library_path.dsv
[36.414s] -- Installing: /home/ecd508/f1tenth_ws_4/src/install/teleop_tools_msgs/lib/libteleop_tools_msgs__rosidl_generator_c.so
[36.415s] -- Set runtime path of "/home/ecd508/f1tenth_ws_4/src/install/teleop_tools_msgs/lib/libteleop_tools_msgs__rosidl_generator_c.so" to ""
[36.415s] -- Up-to-date: /home/ecd508/f1tenth_ws_4/src/install/teleop_tools_msgs/include/teleop_tools_msgs/teleop_tools_msgs
[36.416s] -- Up-to-date: /home/ecd508/f1tenth_ws_4/src/install/teleop_tools_msgs/include/teleop_tools_msgs/teleop_tools_msgs/msg
[36.416s] -- Installing: /home/ecd508/f1tenth_ws_4/src/install/teleop_tools_msgs/include/teleop_tools_msgs/teleop_tools_msgs/msg/rosidl_typesupport_fastrtps_c__visibility_control.h
[36.416s] -- Up-to-date: /home/ecd508/f1tenth_ws_4/src/install/teleop_tools_msgs/include/teleop_tools_msgs/teleop_tools_msgs/action
[36.416s] -- Up-to-date: /home/ecd508/f1tenth_ws_4/src/install/teleop_tools_msgs/include/teleop_tools_msgs/teleop_tools_msgs/action/detail
[36.416s] -- Installing: /home/ecd508/f1tenth_ws_4/src/install/teleop_tools_msgs/include/teleop_tools_msgs/teleop_tools_msgs/action/detail/increment__rosidl_typesupport_fastrtps_c.h
[36.417s] -- Installing: /home/ecd508/f1tenth_ws_4/src/install/teleop_tools_msgs/lib/libteleop_tools_msgs__rosidl_typesupport_fastrtps_c.so
[36.418s] -- Set runtime path of "/home/ecd508/f1tenth_ws_4/src/install/teleop_tools_msgs/lib/libteleop_tools_msgs__rosidl_typesupport_fastrtps_c.so" to ""
[36.418s] -- Up-to-date: /home/ecd508/f1tenth_ws_4/src/install/teleop_tools_msgs/include/teleop_tools_msgs/teleop_tools_msgs
[36.418s] -- Up-to-date: /home/ecd508/f1tenth_ws_4/src/install/teleop_tools_msgs/include/teleop_tools_msgs/teleop_tools_msgs/msg
[36.419s] -- Installing: /home/ecd508/f1tenth_ws_4/src/install/teleop_tools_msgs/include/teleop_tools_msgs/teleop_tools_msgs/msg/rosidl_typesupport_introspection_c__visibility_control.h
[36.419s] -- Up-to-date: /home/ecd508/f1tenth_ws_4/src/install/teleop_tools_msgs/include/teleop_tools_msgs/teleop_tools_msgs/action
[36.419s] -- Up-to-date: /home/ecd508/f1tenth_ws_4/src/install/teleop_tools_msgs/include/teleop_tools_msgs/teleop_tools_msgs/action/detail
[36.419s] -- Installing: /home/ecd508/f1tenth_ws_4/src/install/teleop_tools_msgs/include/teleop_tools_msgs/teleop_tools_msgs/action/detail/increment__type_support.c
[36.420s] -- Installing: /home/ecd508/f1tenth_ws_4/src/install/teleop_tools_msgs/include/teleop_tools_msgs/teleop_tools_msgs/action/detail/increment__rosidl_typesupport_introspection_c.h
[36.420s] -- Installing: /home/ecd508/f1tenth_ws_4/src/install/teleop_tools_msgs/lib/libteleop_tools_msgs__rosidl_typesupport_introspection_c.so
[36.421s] -- Set runtime path of "/home/ecd508/f1tenth_ws_4/src/install/teleop_tools_msgs/lib/libteleop_tools_msgs__rosidl_typesupport_introspection_c.so" to ""
[36.421s] -- Installing: /home/ecd508/f1tenth_ws_4/src/install/teleop_tools_msgs/lib/libteleop_tools_msgs__rosidl_typesupport_c.so
[36.424s] -- Set runtime path of "/home/ecd508/f1tenth_ws_4/src/install/teleop_tools_msgs/lib/libteleop_tools_msgs__rosidl_typesupport_c.so" to ""
[36.424s] -- Up-to-date: /home/ecd508/f1tenth_ws_4/src/install/teleop_tools_msgs/include/teleop_tools_msgs/teleop_tools_msgs
[36.424s] -- Up-to-date: /home/ecd508/f1tenth_ws_4/src/install/teleop_tools_msgs/include/teleop_tools_msgs/teleop_tools_msgs/msg
[36.425s] -- Installing: /home/ecd508/f1tenth_ws_4/src/install/teleop_tools_msgs/include/teleop_tools_msgs/teleop_tools_msgs/msg/rosidl_generator_cpp__visibility_control.hpp
[36.425s] -- Up-to-date: /home/ecd508/f1tenth_ws_4/src/install/teleop_tools_msgs/include/teleop_tools_msgs/teleop_tools_msgs/action
[36.425s] -- Up-to-date: /home/ecd508/f1tenth_ws_4/src/install/teleop_tools_msgs/include/teleop_tools_msgs/teleop_tools_msgs/action/detail
[36.425s] -- Installing: /home/ecd508/f1tenth_ws_4/src/install/teleop_tools_msgs/include/teleop_tools_msgs/teleop_tools_msgs/action/detail/increment__struct.hpp
[36.426s] -- Installing: /home/ecd508/f1tenth_ws_4/src/install/teleop_tools_msgs/include/teleop_tools_msgs/teleop_tools_msgs/action/detail/increment__builder.hpp
[36.426s] -- Installing: /home/ecd508/f1tenth_ws_4/src/install/teleop_tools_msgs/include/teleop_tools_msgs/teleop_tools_msgs/action/detail/increment__traits.hpp
[36.426s] -- Installing: /home/ecd508/f1tenth_ws_4/src/install/teleop_tools_msgs/include/teleop_tools_msgs/teleop_tools_msgs/action/increment.hpp
[36.427s] -- Up-to-date: /home/ecd508/f1tenth_ws_4/src/install/teleop_tools_msgs/include/teleop_tools_msgs/teleop_tools_msgs
[36.427s] -- Up-to-date: /home/ecd508/f1tenth_ws_4/src/install/teleop_tools_msgs/include/teleop_tools_msgs/teleop_tools_msgs/msg
[36.427s] -- Installing: /home/ecd508/f1tenth_ws_4/src/install/teleop_tools_msgs/include/teleop_tools_msgs/teleop_tools_msgs/msg/rosidl_typesupport_fastrtps_cpp__visibility_control.h
[36.428s] -- Up-to-date: /home/ecd508/f1tenth_ws_4/src/install/teleop_tools_msgs/include/teleop_tools_msgs/teleop_tools_msgs/action
[36.428s] -- Up-to-date: /home/ecd508/f1tenth_ws_4/src/install/teleop_tools_msgs/include/teleop_tools_msgs/teleop_tools_msgs/action/detail
[36.428s] -- Installing: /home/ecd508/f1tenth_ws_4/src/install/teleop_tools_msgs/include/teleop_tools_msgs/teleop_tools_msgs/action/detail/dds_fastrtps
[36.428s] -- Installing: /home/ecd508/f1tenth_ws_4/src/install/teleop_tools_msgs/include/teleop_tools_msgs/teleop_tools_msgs/action/detail/increment__rosidl_typesupport_fastrtps_cpp.hpp
[36.429s] -- Installing: /home/ecd508/f1tenth_ws_4/src/install/teleop_tools_msgs/lib/libteleop_tools_msgs__rosidl_typesupport_fastrtps_cpp.so
[36.430s] -- Set runtime path of "/home/ecd508/f1tenth_ws_4/src/install/teleop_tools_msgs/lib/libteleop_tools_msgs__rosidl_typesupport_fastrtps_cpp.so" to ""
[36.430s] -- Up-to-date: /home/ecd508/f1tenth_ws_4/src/install/teleop_tools_msgs/include/teleop_tools_msgs/teleop_tools_msgs
[36.431s] -- Up-to-date: /home/ecd508/f1tenth_ws_4/src/install/teleop_tools_msgs/include/teleop_tools_msgs/teleop_tools_msgs/action
[36.431s] -- Up-to-date: /home/ecd508/f1tenth_ws_4/src/install/teleop_tools_msgs/include/teleop_tools_msgs/teleop_tools_msgs/action/detail
[36.431s] -- Installing: /home/ecd508/f1tenth_ws_4/src/install/teleop_tools_msgs/include/teleop_tools_msgs/teleop_tools_msgs/action/detail/increment__type_support.cpp
[36.431s] -- Installing: /home/ecd508/f1tenth_ws_4/src/install/teleop_tools_msgs/include/teleop_tools_msgs/teleop_tools_msgs/action/detail/increment__rosidl_typesupport_introspection_cpp.hpp
[36.432s] -- Installing: /home/ecd508/f1tenth_ws_4/src/install/teleop_tools_msgs/lib/libteleop_tools_msgs__rosidl_typesupport_introspection_cpp.so
[36.433s] -- Set runtime path of "/home/ecd508/f1tenth_ws_4/src/install/teleop_tools_msgs/lib/libteleop_tools_msgs__rosidl_typesupport_introspection_cpp.so" to ""
[36.433s] -- Installing: /home/ecd508/f1tenth_ws_4/src/install/teleop_tools_msgs/lib/libteleop_tools_msgs__rosidl_typesupport_cpp.so
[36.434s] -- Set runtime path of "/home/ecd508/f1tenth_ws_4/src/install/teleop_tools_msgs/lib/libteleop_tools_msgs__rosidl_typesupport_cpp.so" to ""
[36.434s] -- Installing: /home/ecd508/f1tenth_ws_4/src/install/teleop_tools_msgs/share/teleop_tools_msgs/environment/pythonpath.sh
[36.434s] -- Installing: /home/ecd508/f1tenth_ws_4/src/install/teleop_tools_msgs/share/teleop_tools_msgs/environment/pythonpath.dsv
[36.435s] -- Installing: /home/ecd508/f1tenth_ws_4/src/install/teleop_tools_msgs/local/lib/python3.10/dist-packages/teleop_tools_msgs-1.2.1-py3.10.egg-info
[36.435s] -- Installing: /home/ecd508/f1tenth_ws_4/src/install/teleop_tools_msgs/local/lib/python3.10/dist-packages/teleop_tools_msgs-1.2.1-py3.10.egg-info/SOURCES.txt
[36.436s] -- Installing: /home/ecd508/f1tenth_ws_4/src/install/teleop_tools_msgs/local/lib/python3.10/dist-packages/teleop_tools_msgs-1.2.1-py3.10.egg-info/dependency_links.txt
[36.436s] -- Installing: /home/ecd508/f1tenth_ws_4/src/install/teleop_tools_msgs/local/lib/python3.10/dist-packages/teleop_tools_msgs-1.2.1-py3.10.egg-info/PKG-INFO
[36.436s] -- Installing: /home/ecd508/f1tenth_ws_4/src/install/teleop_tools_msgs/local/lib/python3.10/dist-packages/teleop_tools_msgs-1.2.1-py3.10.egg-info/top_level.txt
[36.437s] -- Installing: /home/ecd508/f1tenth_ws_4/src/install/teleop_tools_msgs/local/lib/python3.10/dist-packages/teleop_tools_msgs
[36.437s] -- Installing: /home/ecd508/f1tenth_ws_4/src/install/teleop_tools_msgs/local/lib/python3.10/dist-packages/teleop_tools_msgs/libteleop_tools_msgs__rosidl_generator_py.so
[36.437s] -- Installing: /home/ecd508/f1tenth_ws_4/src/install/teleop_tools_msgs/local/lib/python3.10/dist-packages/teleop_tools_msgs/__init__.py
[36.438s] -- Installing: /home/ecd508/f1tenth_ws_4/src/install/teleop_tools_msgs/local/lib/python3.10/dist-packages/teleop_tools_msgs/_teleop_tools_msgs_s.ep.rosidl_typesupport_introspection_c.c
[36.438s] -- Installing: /home/ecd508/f1tenth_ws_4/src/install/teleop_tools_msgs/local/lib/python3.10/dist-packages/teleop_tools_msgs/teleop_tools_msgs_s__rosidl_typesupport_fastrtps_c.cpython-310-aarch64-linux-gnu.so
[36.439s] -- Installing: /home/ecd508/f1tenth_ws_4/src/install/teleop_tools_msgs/local/lib/python3.10/dist-packages/teleop_tools_msgs/action
[36.439s] -- Installing: /home/ecd508/f1tenth_ws_4/src/install/teleop_tools_msgs/local/lib/python3.10/dist-packages/teleop_tools_msgs/action/__init__.py
[36.439s] -- Installing: /home/ecd508/f1tenth_ws_4/src/install/teleop_tools_msgs/local/lib/python3.10/dist-packages/teleop_tools_msgs/action/_increment_s.c
[36.440s] -- Installing: /home/ecd508/f1tenth_ws_4/src/install/teleop_tools_msgs/local/lib/python3.10/dist-packages/teleop_tools_msgs/action/_increment.py
[36.440s] -- Installing: /home/ecd508/f1tenth_ws_4/src/install/teleop_tools_msgs/local/lib/python3.10/dist-packages/teleop_tools_msgs/_teleop_tools_msgs_s.ep.rosidl_typesupport_c.c
[36.441s] -- Installing: /home/ecd508/f1tenth_ws_4/src/install/teleop_tools_msgs/local/lib/python3.10/dist-packages/teleop_tools_msgs/_teleop_tools_msgs_s.ep.rosidl_typesupport_fastrtps_c.c
[36.441s] -- Installing: /home/ecd508/f1tenth_ws_4/src/install/teleop_tools_msgs/local/lib/python3.10/dist-packages/teleop_tools_msgs/teleop_tools_msgs_s__rosidl_typesupport_c.cpython-310-aarch64-linux-gnu.so
[36.443s] -- Installing: /home/ecd508/f1tenth_ws_4/src/install/teleop_tools_msgs/local/lib/python3.10/dist-packages/teleop_tools_msgs/teleop_tools_msgs_s__rosidl_typesupport_introspection_c.cpython-310-aarch64-linux-gnu.so
[36.886s] Listing '/home/ecd508/f1tenth_ws_4/src/install/teleop_tools_msgs/local/lib/python3.10/dist-packages/teleop_tools_msgs'...
[36.886s] Compiling '/home/ecd508/f1tenth_ws_4/src/install/teleop_tools_msgs/local/lib/python3.10/dist-packages/teleop_tools_msgs/__init__.py'...
[36.886s] Listing '/home/ecd508/f1tenth_ws_4/src/install/teleop_tools_msgs/local/lib/python3.10/dist-packages/teleop_tools_msgs/action'...
[36.887s] Compiling '/home/ecd508/f1tenth_ws_4/src/install/teleop_tools_msgs/local/lib/python3.10/dist-packages/teleop_tools_msgs/action/__init__.py'...
[36.887s] Compiling '/home/ecd508/f1tenth_ws_4/src/install/teleop_tools_msgs/local/lib/python3.10/dist-packages/teleop_tools_msgs/action/_increment.py'...
[36.902s] -- Installing: /home/ecd508/f1tenth_ws_4/src/install/teleop_tools_msgs/local/lib/python3.10/dist-packages/teleop_tools_msgs/teleop_tools_msgs_s__rosidl_typesupport_fastrtps_c.cpython-310-aarch64-linux-gnu.so
[36.903s] -- Set runtime path of "/home/ecd508/f1tenth_ws_4/src/install/teleop_tools_msgs/local/lib/python3.10/dist-packages/teleop_tools_msgs/teleop_tools_msgs_s__rosidl_typesupport_fastrtps_c.cpython-310-aarch64-linux-gnu.so" to ""
[36.903s] -- Installing: /home/ecd508/f1tenth_ws_4/src/install/teleop_tools_msgs/local/lib/python3.10/dist-packages/teleop_tools_msgs/teleop_tools_msgs_s__rosidl_typesupport_introspection_c.cpython-310-aarch64-linux-gnu.so
[36.904s] -- Set runtime path of "/home/ecd508/f1tenth_ws_4/src/install/teleop_tools_msgs/local/lib/python3.10/dist-packages/teleop_tools_msgs/teleop_tools_msgs_s__rosidl_typesupport_introspection_c.cpython-310-aarch64-linux-gnu.so" to ""
[36.904s] -- Installing: /home/ecd508/f1tenth_ws_4/src/install/teleop_tools_msgs/local/lib/python3.10/dist-packages/teleop_tools_msgs/teleop_tools_msgs_s__rosidl_typesupport_c.cpython-310-aarch64-linux-gnu.so
[36.905s] -- Set runtime path of "/home/ecd508/f1tenth_ws_4/src/install/teleop_tools_msgs/local/lib/python3.10/dist-packages/teleop_tools_msgs/teleop_tools_msgs_s__rosidl_typesupport_c.cpython-310-aarch64-linux-gnu.so" to ""
[36.906s] -- Installing: /home/ecd508/f1tenth_ws_4/src/install/teleop_tools_msgs/lib/libteleop_tools_msgs__rosidl_generator_py.so
[36.906s] -- Set runtime path of "/home/ecd508/f1tenth_ws_4/src/install/teleop_tools_msgs/lib/libteleop_tools_msgs__rosidl_generator_py.so" to ""
[36.907s] -- Installing: /home/ecd508/f1tenth_ws_4/src/install/teleop_tools_msgs/share/teleop_tools_msgs/action/Increment.idl
[36.907s] -- Installing: /home/ecd508/f1tenth_ws_4/src/install/teleop_tools_msgs/share/teleop_tools_msgs/action/Increment.action
[36.907s] -- Installing: /home/ecd508/f1tenth_ws_4/src/install/teleop_tools_msgs/share/ament_index/resource_index/package_run_dependencies/teleop_tools_msgs
[36.908s] -- Installing: /home/ecd508/f1tenth_ws_4/src/install/teleop_tools_msgs/share/ament_index/resource_index/parent_prefix_path/teleop_tools_msgs
[36.908s] -- Installing: /home/ecd508/f1tenth_ws_4/src/install/teleop_tools_msgs/share/teleop_tools_msgs/environment/ament_prefix_path.sh
[36.908s] -- Installing: /home/ecd508/f1tenth_ws_4/src/install/teleop_tools_msgs/share/teleop_tools_msgs/environment/ament_prefix_path.dsv
[36.909s] -- Installing: /home/ecd508/f1tenth_ws_4/src/install/teleop_tools_msgs/share/teleop_tools_msgs/environment/path.sh
[36.909s] -- Installing: /home/ecd508/f1tenth_ws_4/src/install/teleop_tools_msgs/share/teleop_tools_msgs/environment/path.dsv
[36.910s] -- Installing: /home/ecd508/f1tenth_ws_4/src/install/teleop_tools_msgs/share/teleop_tools_msgs/local_setup.bash
[36.910s] -- Installing: /home/ecd508/f1tenth_ws_4/src/install/teleop_tools_msgs/share/teleop_tools_msgs/local_setup.sh
[36.911s] -- Installing: /home/ecd508/f1tenth_ws_4/src/install/teleop_tools_msgs/share/teleop_tools_msgs/local_setup.zsh
[36.911s] -- Installing: /home/ecd508/f1tenth_ws_4/src/install/teleop_tools_msgs/share/teleop_tools_msgs/local_setup.dsv
[36.911s] -- Installing: /home/ecd508/f1tenth_ws_4/src/install/teleop_tools_msgs/share/teleop_tools_msgs/package.dsv
[36.912s] -- Installing: /home/ecd508/f1tenth_ws_4/src/install/teleop_tools_msgs/share/ament_index/resource_index/packages/teleop_tools_msgs
[36.913s] -- Installing: /home/ecd508/f1tenth_ws_4/src/install/teleop_tools_msgs/share/teleop_tools_msgs/cmake/export_teleop_tools_msgs__rosidl_generator_cExport.cmake
[36.914s] -- Installing: /home/ecd508/f1tenth_ws_4/src/install/teleop_tools_msgs/share/teleop_tools_msgs/cmake/export_teleop_tools_msgs__rosidl_generator_cExport-noconfig.cmake
[36.915s] -- Installing: /home/ecd508/f1tenth_ws_4/src/install/teleop_tools_msgs/share/teleop_tools_msgs/cmake/export_teleop_tools_msgs__rosidl_typesupport_fastrtps_cExport.cmake
[36.916s] -- Installing: /home/ecd508/f1tenth_ws_4/src/install/teleop_tools_msgs/share/teleop_tools_msgs/cmake/export_teleop_tools_msgs__rosidl_typesupport_fastrtps_cExport-noconfig.cmake
[36.916s] -- Installing: /home/ecd508/f1tenth_ws_4/src/install/teleop_tools_msgs/share/teleop_tools_msgs/cmake/teleop_tools_msgs__rosidl_typesupport_introspection_cExport.cmake
[36.917s] -- Installing: /home/ecd508/f1tenth_ws_4/src/install/teleop_tools_msgs/share/teleop_tools_msgs/cmake/teleop_tools_msgs__rosidl_typesupport_introspection_cExport-noconfig.cmake
[36.918s] -- Installing: /home/ecd508/f1tenth_ws_4/src/install/teleop_tools_msgs/share/teleop_tools_msgs/cmake/teleop_tools_msgs__rosidl_typesupport_cExport.cmake
[36.918s] -- Installing: /home/ecd508/f1tenth_ws_4/src/install/teleop_tools_msgs/share/teleop_tools_msgs/cmake/teleop_tools_msgs__rosidl_typesupport_cExport-noconfig.cmake
[36.919s] -- Installing: /home/ecd508/f1tenth_ws_4/src/install/teleop_tools_msgs/share/teleop_tools_msgs/cmake/export_teleop_tools_msgs__rosidl_generator_cppExport.cmake
[36.920s] -- Installing: /home/ecd508/f1tenth_ws_4/src/install/teleop_tools_msgs/share/teleop_tools_msgs/cmake/export_teleop_tools_msgs__rosidl_typesupport_fastrtps_cppExport.cmake
[36.921s] -- Installing: /home/ecd508/f1tenth_ws_4/src/install/teleop_tools_msgs/share/teleop_tools_msgs/cmake/export_teleop_tools_msgs__rosidl_typesupport_fastrtps_cppExport-noconfig.cmake
[36.921s] -- Installing: /home/ecd508/f1tenth_ws_4/src/install/teleop_tools_msgs/share/teleop_tools_msgs/cmake/teleop_tools_msgs__rosidl_typesupport_introspection_cppExport.cmake
[36.922s] -- Installing: /home/ecd508/f1tenth_ws_4/src/install/teleop_tools_msgs/share/teleop_tools_msgs/cmake/teleop_tools_msgs__rosidl_typesupport_introspection_cppExport-noconfig.cmake
[36.923s] -- Installing: /home/ecd508/f1tenth_ws_4/src/install/teleop_tools_msgs/share/teleop_tools_msgs/cmake/teleop_tools_msgs__rosidl_typesupport_cppExport.cmake
[36.924s] -- Installing: /home/ecd508/f1tenth_ws_4/src/install/teleop_tools_msgs/share/teleop_tools_msgs/cmake/teleop_tools_msgs__rosidl_typesupport_cppExport-noconfig.cmake
[36.924s] -- Installing: /home/ecd508/f1tenth_ws_4/src/install/teleop_tools_msgs/share/teleop_tools_msgs/cmake/export_teleop_tools_msgs__rosidl_generator_pyExport.cmake
[36.925s] -- Installing: /home/ecd508/f1tenth_ws_4/src/install/teleop_tools_msgs/share/teleop_tools_msgs/cmake/export_teleop_tools_msgs__rosidl_generator_pyExport-noconfig.cmake
[36.926s] -- Installing: /home/ecd508/f1tenth_ws_4/src/install/teleop_tools_msgs/share/teleop_tools_msgs/cmake/rosidl_cmake-extras.cmake
[36.926s] -- Installing: /home/ecd508/f1tenth_ws_4/src/install/teleop_tools_msgs/share/teleop_tools_msgs/cmake/ament_cmake_export_dependencies-extras.cmake
[36.927s] -- Installing: /home/ecd508/f1tenth_ws_4/src/install/teleop_tools_msgs/share/teleop_tools_msgs/cmake/ament_cmake_export_include_directories-extras.cmake
[36.928s] -- Installing: /home/ecd508/f1tenth_ws_4/src/install/teleop_tools_msgs/share/teleop_tools_msgs/cmake/ament_cmake_export_libraries-extras.cmake
[36.928s] -- Installing: /home/ecd508/f1tenth_ws_4/src/install/teleop_tools_msgs/share/teleop_tools_msgs/cmake/ament_cmake_export_targets-extras.cmake
[36.929s] -- Installing: /home/ecd508/f1tenth_ws_4/src/install/teleop_tools_msgs/share/teleop_tools_msgs/cmake/rosidl_cmake_export_typesupport_targets-extras.cmake
[36.930s] -- Installing: /home/ecd508/f1tenth_ws_4/src/install/teleop_tools_msgs/share/teleop_tools_msgs/cmake/rosidl_cmake_export_typesupport_libraries-extras.cmake
[36.931s] -- Installing: /home/ecd508/f1tenth_ws_4/src/install/teleop_tools_msgs/share/teleop_tools_msgs/cmake/teleop_tools_msgsConfig.cmake
[36.931s] -- Installing: /home/ecd508/f1tenth_ws_4/src/install/teleop_tools_msgs/share/teleop_tools_msgs/cmake/teleop_tools_msgsConfig-version.cmake
[36.932s] -- Installing: /home/ecd508/f1tenth_ws_4/src/install/teleop_tools_msgs/share/teleop_tools_msgs/package.xml
[36.946s] Invoked command in '/home/ecd508/f1tenth_ws_4/src/build/teleop_tools_msgs' returned '0': CMAKE_PREFIX_PATH=${CMAKE_PREFIX_PATH}:/home/ecd508/f1tenth_ws_4/install/f1tenth_stack:/home/ecd508/f1tenth_ws_4/install/joy_teleop:/home/ecd508/f1tenth_ws_4/install/mouse_teleop:/home/ecd508/f1tenth_ws_4/install/key_teleop:/opt/ros/humble:/home/ecd508/ros2_humble/install/rqt_bag_plugins:/home/ecd508/ros2_humble/install/rqt_bag:/home/ecd508/ros2_humble/install/launch_testing_examples:/home/ecd508/ros2_humble/install/ros2bag:/home/ecd508/ros2_humble/install/tracetools_test:/home/ecd508/ros2_humble/install/tracetools_launch:/home/ecd508/ros2_humble/install/topic_monitor:/home/ecd508/ros2_humble/install/tf2_tools:/home/ecd508/ros2_humble/install/examples_tf2_py:/home/ecd508/ros2_humble/install/tf2_ros_py:/home/ecd508/ros2_humble/install/sros2:/home/ecd508/ros2_humble/install/rqt_topic:/home/ecd508/ros2_humble/install/rqt_srv:/home/ecd508/ros2_humble/install/rqt_shell:/home/ecd508/ros2_humble/install/rqt_service_caller:/home/ecd508/ros2_humble/install/rqt_reconfigure:/home/ecd508/ros2_humble/install/rqt_py_console:/home/ecd508/ros2_humble/install/rqt_publisher:/home/ecd508/ros2_humble/install/rqt_plot:/home/ecd508/ros2_humble/install/rqt_action:/home/ecd508/ros2_humble/install/rqt_msg:/home/ecd508/ros2_humble/install/rqt_console:/home/ecd508/ros2_humble/install/rqt:/home/ecd508/ros2_humble/install/rqt_graph:/home/ecd508/ros2_humble/install/rqt_gui_py:/home/ecd508/ros2_humble/install/rqt_gui:/home/ecd508/ros2_humble/install/ros2trace:/home/ecd508/ros2_humble/install/ros2topic:/home/ecd508/ros2_humble/install/ros2test:/home/ecd508/ros2_humble/install/ros2component:/home/ecd508/ros2_humble/install/ros2param:/home/ecd508/ros2_humble/install/ros2lifecycle:/home/ecd508/ros2_humble/install/ros2service:/home/ecd508/ros2_humble/install/ros2run:/home/ecd508/ros2_humble/install/ros2launch:/home/ecd508/ros2_humble/install/ros2pkg:/home/ecd508/ros2_humble/install/ros2node:/home/ecd508/ros2_humble/install/ros2multicast:/home/ecd508/ros2_humble/install/ros2interface:/home/ecd508/ros2_humble/install/ros2doctor:/home/ecd508/ros2_humble/install/ros2action:/home/ecd508/ros2_humble/install/ros2cli:/home/ecd508/ros2_humble/install/quality_of_service_demo_py:/home/ecd508/ros2_humble/install/lifecycle_py:/home/ecd508/ros2_humble/install/launch_testing_ros:/home/ecd508/ros2_humble/install/launch_ros:/home/ecd508/ros2_humble/install/examples_rclpy_pointcloud_publisher:/home/ecd508/ros2_humble/install/examples_rclpy_minimal_subscriber:/home/ecd508/ros2_humble/install/examples_rclpy_minimal_service:/home/ecd508/ros2_humble/install/examples_rclpy_minimal_publisher:/home/ecd508/ros2_humble/install/examples_rclpy_minimal_client:/home/ecd508/ros2_humble/install/examples_rclpy_minimal_action_server:/home/ecd508/ros2_humble/install/examples_rclpy_minimal_action_client:/home/ecd508/ros2_humble/install/examples_rclpy_guard_conditions:/home/ecd508/ros2_humble/install/examples_rclpy_executors:/home/ecd508/ros2_humble/install/demo_nodes_py:/home/ecd508/ros2_humble/install/action_tutorials_py:/home/ecd508/ros2_humble/install/ament_uncrustify:/home/ecd508/ros2_humble/install/tracetools_trace:/home/ecd508/ros2_humble/install/tracetools_read:/home/ecd508/ros2_humble/install/test_tracetools_launch:/home/ecd508/ros2_humble/install/test_launch_ros:/home/ecd508/ros2_humble/install/sensor_msgs_py:/home/ecd508/ros2_humble/install/rpyutils:/home/ecd508/ros2_humble/install/rosidl_runtime_py:/home/ecd508/ros2_humble/install/rosidl_cli:/home/ecd508/ros2_humble/install/launch_pytest:/home/ecd508/ros2_humble/install/launch_testing:/home/ecd508/ros2_humble/install/launch_yaml:/home/ecd508/ros2_humble/install/launch_xml:/home/ecd508/ros2_humble/install/launch:/home/ecd508/ros2_humble/install/osrf_pycommon:/home/ecd508/ros2_humble/install/domain_coordinator:/home/ecd508/ros2_humble/install/ament_xmllint:/home/ecd508/ros2_humble/install/ament_pyflakes:/home/ecd508/ros2_humble/install/ament_pycodestyle:/home/ecd508/ros2_humble/install/ament_pep257:/home/ecd508/ros2_humble/install/ament_pclint:/home/ecd508/ros2_humble/install/ament_package:/home/ecd508/ros2_humble/install/ament_mypy:/home/ecd508/ros2_humble/install/ament_lint_cmake:/home/ecd508/ros2_humble/install/ament_flake8:/home/ecd508/ros2_humble/install/ament_copyright:/home/ecd508/ros2_humble/install/ament_lint:/home/ecd508/ros2_humble/install/ament_index_python:/home/ecd508/ros2_humble/install/ament_cpplint:/home/ecd508/ros2_humble/install/ament_cppcheck:/home/ecd508/ros2_humble/install/ament_clang_tidy:/home/ecd508/ros2_humble/install/ament_clang_format /usr/bin/cmake --install /home/ecd508/f1tenth_ws_4/src/build/teleop_tools_msgs
