[0.384s] Invoking command in '/home/ecd508/f1tenth_ws_4/src/build/vesc_msgs': CMAKE_PREFIX_PATH=${CMAKE_PREFIX_PATH}:/home/ecd508/f1tenth_ws_4/install/f1tenth_stack:/home/ecd508/f1tenth_ws_4/install/joy_teleop:/home/ecd508/f1tenth_ws_4/install/mouse_teleop:/home/ecd508/f1tenth_ws_4/install/key_teleop:/opt/ros/humble:/home/ecd508/ros2_humble/install/rqt_bag_plugins:/home/ecd508/ros2_humble/install/rqt_bag:/home/ecd508/ros2_humble/install/launch_testing_examples:/home/ecd508/ros2_humble/install/ros2bag:/home/ecd508/ros2_humble/install/tracetools_test:/home/ecd508/ros2_humble/install/tracetools_launch:/home/ecd508/ros2_humble/install/topic_monitor:/home/ecd508/ros2_humble/install/tf2_tools:/home/ecd508/ros2_humble/install/examples_tf2_py:/home/ecd508/ros2_humble/install/tf2_ros_py:/home/ecd508/ros2_humble/install/sros2:/home/ecd508/ros2_humble/install/rqt_topic:/home/ecd508/ros2_humble/install/rqt_srv:/home/ecd508/ros2_humble/install/rqt_shell:/home/ecd508/ros2_humble/install/rqt_service_caller:/home/ecd508/ros2_humble/install/rqt_reconfigure:/home/ecd508/ros2_humble/install/rqt_py_console:/home/ecd508/ros2_humble/install/rqt_publisher:/home/ecd508/ros2_humble/install/rqt_plot:/home/ecd508/ros2_humble/install/rqt_action:/home/ecd508/ros2_humble/install/rqt_msg:/home/ecd508/ros2_humble/install/rqt_console:/home/ecd508/ros2_humble/install/rqt:/home/ecd508/ros2_humble/install/rqt_graph:/home/ecd508/ros2_humble/install/rqt_gui_py:/home/ecd508/ros2_humble/install/rqt_gui:/home/ecd508/ros2_humble/install/ros2trace:/home/ecd508/ros2_humble/install/ros2topic:/home/ecd508/ros2_humble/install/ros2test:/home/ecd508/ros2_humble/install/ros2component:/home/ecd508/ros2_humble/install/ros2param:/home/ecd508/ros2_humble/install/ros2lifecycle:/home/ecd508/ros2_humble/install/ros2service:/home/ecd508/ros2_humble/install/ros2run:/home/ecd508/ros2_humble/install/ros2launch:/home/ecd508/ros2_humble/install/ros2pkg:/home/ecd508/ros2_humble/install/ros2node:/home/ecd508/ros2_humble/install/ros2multicast:/home/ecd508/ros2_humble/install/ros2interface:/home/ecd508/ros2_humble/install/ros2doctor:/home/ecd508/ros2_humble/install/ros2action:/home/ecd508/ros2_humble/install/ros2cli:/home/ecd508/ros2_humble/install/quality_of_service_demo_py:/home/ecd508/ros2_humble/install/lifecycle_py:/home/ecd508/ros2_humble/install/launch_testing_ros:/home/ecd508/ros2_humble/install/launch_ros:/home/ecd508/ros2_humble/install/examples_rclpy_pointcloud_publisher:/home/ecd508/ros2_humble/install/examples_rclpy_minimal_subscriber:/home/ecd508/ros2_humble/install/examples_rclpy_minimal_service:/home/ecd508/ros2_humble/install/examples_rclpy_minimal_publisher:/home/ecd508/ros2_humble/install/examples_rclpy_minimal_client:/home/ecd508/ros2_humble/install/examples_rclpy_minimal_action_server:/home/ecd508/ros2_humble/install/examples_rclpy_minimal_action_client:/home/ecd508/ros2_humble/install/examples_rclpy_guard_conditions:/home/ecd508/ros2_humble/install/examples_rclpy_executors:/home/ecd508/ros2_humble/install/demo_nodes_py:/home/ecd508/ros2_humble/install/action_tutorials_py:/home/ecd508/ros2_humble/install/ament_uncrustify:/home/ecd508/ros2_humble/install/tracetools_trace:/home/ecd508/ros2_humble/install/tracetools_read:/home/ecd508/ros2_humble/install/test_tracetools_launch:/home/ecd508/ros2_humble/install/test_launch_ros:/home/ecd508/ros2_humble/install/sensor_msgs_py:/home/ecd508/ros2_humble/install/rpyutils:/home/ecd508/ros2_humble/install/rosidl_runtime_py:/home/ecd508/ros2_humble/install/rosidl_cli:/home/ecd508/ros2_humble/install/launch_pytest:/home/ecd508/ros2_humble/install/launch_testing:/home/ecd508/ros2_humble/install/launch_yaml:/home/ecd508/ros2_humble/install/launch_xml:/home/ecd508/ros2_humble/install/launch:/home/ecd508/ros2_humble/install/osrf_pycommon:/home/ecd508/ros2_humble/install/domain_coordinator:/home/ecd508/ros2_humble/install/ament_xmllint:/home/ecd508/ros2_humble/install/ament_pyflakes:/home/ecd508/ros2_humble/install/ament_pycodestyle:/home/ecd508/ros2_humble/install/ament_pep257:/home/ecd508/ros2_humble/install/ament_pclint:/home/ecd508/ros2_humble/install/ament_package:/home/ecd508/ros2_humble/install/ament_mypy:/home/ecd508/ros2_humble/install/ament_lint_cmake:/home/ecd508/ros2_humble/install/ament_flake8:/home/ecd508/ros2_humble/install/ament_copyright:/home/ecd508/ros2_humble/install/ament_lint:/home/ecd508/ros2_humble/install/ament_index_python:/home/ecd508/ros2_humble/install/ament_cpplint:/home/ecd508/ros2_humble/install/ament_cppcheck:/home/ecd508/ros2_humble/install/ament_clang_tidy:/home/ecd508/ros2_humble/install/ament_clang_format /usr/bin/cmake /home/ecd508/f1tenth_ws_4/src/f1tenth_system/vesc/vesc_msgs -DCMAKE_INSTALL_PREFIX=/home/ecd508/f1tenth_ws_4/src/install/vesc_msgs
[1.823s] -- The C compiler identification is GNU 11.4.0
[1.824s] -- The CXX compiler identification is GNU 11.4.0
[1.824s] -- Detecting C compiler ABI info
[1.824s] -- Detecting C compiler ABI info - done
[1.824s] -- Check for working C compiler: /usr/bin/cc - skipped
[1.824s] -- Detecting C compile features
[1.824s] -- Detecting C compile features - done
[1.825s] -- Detecting CXX compiler ABI info
[1.825s] -- Detecting CXX compiler ABI info - done
[1.825s] -- Check for working CXX compiler: /usr/bin/c++ - skipped
[1.825s] -- Detecting CXX compile features
[1.825s] -- Detecting CXX compile features - done
[1.825s] -- Found ament_cmake_auto: 1.3.10 (/home/ecd508/ros2_humble/install/ament_cmake_auto/share/ament_cmake_auto/cmake)
[3.047s] -- Found Python3: /usr/bin/python3 (found version "3.10.12") found components: Interpreter 
[4.848s] -- Using all available rosidl_typesupport_c: rosidl_typesupport_fastrtps_c;rosidl_typesupport_introspection_c
[4.941s] -- Found rosidl_adapter: 3.1.5 (/home/ecd508/ros2_humble/install/rosidl_adapter/share/rosidl_adapter/cmake)
[5.352s] -- Using all available rosidl_typesupport_cpp: rosidl_typesupport_fastrtps_cpp;rosidl_typesupport_introspection_cpp
[7.321s] -- Found ament_cmake_ros: 0.10.0 (/home/ecd508/ros2_humble/install/ament_cmake_ros/share/ament_cmake_ros/cmake)
[8.970s] -- Using all available rosidl_typesupport_c: rosidl_typesupport_fastrtps_c;rosidl_typesupport_introspection_c
[11.016s] -- Using all available rosidl_typesupport_cpp: rosidl_typesupport_fastrtps_cpp;rosidl_typesupport_introspection_cpp
[11.250s] -- Found PythonInterp: /usr/bin/python3 (found suitable version "3.10.12", minimum required is "3.6") 
[11.284s] -- Found python_cmake_module: 0.10.0 (/home/ecd508/ros2_humble/install/python_cmake_module/share/python_cmake_module/cmake)
[11.561s] -- Found PythonLibs: /usr/lib/aarch64-linux-gnu/libpython3.10.so (found suitable version "3.10.12", minimum required is "3.5") 
[11.562s] -- Using PYTHON_EXECUTABLE: /usr/bin/python3
[11.562s] -- Using PYTHON_INCLUDE_DIRS: /usr/include/python3.10
[11.562s] -- Using PYTHON_LIBRARIES: /usr/lib/aarch64-linux-gnu/libpython3.10.so
[11.794s] -- Found PythonExtra: .so  
[13.126s] -- Found ament_lint_auto: 0.12.11 (/home/ecd508/ros2_humble/install/ament_lint_auto/share/ament_lint_auto/cmake)
[13.577s] -- Added test 'copyright' to check source files copyright and LICENSE
[13.608s] -- Added test 'lint_cmake' to check CMake code style
[13.633s] -- Added test 'xmllint' to check XML markup files
[13.700s] -- Configuring done
[13.935s] -- Generating done
[13.941s] -- Build files have been written to: /home/ecd508/f1tenth_ws_4/src/build/vesc_msgs
[14.028s] Invoked command in '/home/ecd508/f1tenth_ws_4/src/build/vesc_msgs' returned '0': CMAKE_PREFIX_PATH=${CMAKE_PREFIX_PATH}:/home/ecd508/f1tenth_ws_4/install/f1tenth_stack:/home/ecd508/f1tenth_ws_4/install/joy_teleop:/home/ecd508/f1tenth_ws_4/install/mouse_teleop:/home/ecd508/f1tenth_ws_4/install/key_teleop:/opt/ros/humble:/home/ecd508/ros2_humble/install/rqt_bag_plugins:/home/ecd508/ros2_humble/install/rqt_bag:/home/ecd508/ros2_humble/install/launch_testing_examples:/home/ecd508/ros2_humble/install/ros2bag:/home/ecd508/ros2_humble/install/tracetools_test:/home/ecd508/ros2_humble/install/tracetools_launch:/home/ecd508/ros2_humble/install/topic_monitor:/home/ecd508/ros2_humble/install/tf2_tools:/home/ecd508/ros2_humble/install/examples_tf2_py:/home/ecd508/ros2_humble/install/tf2_ros_py:/home/ecd508/ros2_humble/install/sros2:/home/ecd508/ros2_humble/install/rqt_topic:/home/ecd508/ros2_humble/install/rqt_srv:/home/ecd508/ros2_humble/install/rqt_shell:/home/ecd508/ros2_humble/install/rqt_service_caller:/home/ecd508/ros2_humble/install/rqt_reconfigure:/home/ecd508/ros2_humble/install/rqt_py_console:/home/ecd508/ros2_humble/install/rqt_publisher:/home/ecd508/ros2_humble/install/rqt_plot:/home/ecd508/ros2_humble/install/rqt_action:/home/ecd508/ros2_humble/install/rqt_msg:/home/ecd508/ros2_humble/install/rqt_console:/home/ecd508/ros2_humble/install/rqt:/home/ecd508/ros2_humble/install/rqt_graph:/home/ecd508/ros2_humble/install/rqt_gui_py:/home/ecd508/ros2_humble/install/rqt_gui:/home/ecd508/ros2_humble/install/ros2trace:/home/ecd508/ros2_humble/install/ros2topic:/home/ecd508/ros2_humble/install/ros2test:/home/ecd508/ros2_humble/install/ros2component:/home/ecd508/ros2_humble/install/ros2param:/home/ecd508/ros2_humble/install/ros2lifecycle:/home/ecd508/ros2_humble/install/ros2service:/home/ecd508/ros2_humble/install/ros2run:/home/ecd508/ros2_humble/install/ros2launch:/home/ecd508/ros2_humble/install/ros2pkg:/home/ecd508/ros2_humble/install/ros2node:/home/ecd508/ros2_humble/install/ros2multicast:/home/ecd508/ros2_humble/install/ros2interface:/home/ecd508/ros2_humble/install/ros2doctor:/home/ecd508/ros2_humble/install/ros2action:/home/ecd508/ros2_humble/install/ros2cli:/home/ecd508/ros2_humble/install/quality_of_service_demo_py:/home/ecd508/ros2_humble/install/lifecycle_py:/home/ecd508/ros2_humble/install/launch_testing_ros:/home/ecd508/ros2_humble/install/launch_ros:/home/ecd508/ros2_humble/install/examples_rclpy_pointcloud_publisher:/home/ecd508/ros2_humble/install/examples_rclpy_minimal_subscriber:/home/ecd508/ros2_humble/install/examples_rclpy_minimal_service:/home/ecd508/ros2_humble/install/examples_rclpy_minimal_publisher:/home/ecd508/ros2_humble/install/examples_rclpy_minimal_client:/home/ecd508/ros2_humble/install/examples_rclpy_minimal_action_server:/home/ecd508/ros2_humble/install/examples_rclpy_minimal_action_client:/home/ecd508/ros2_humble/install/examples_rclpy_guard_conditions:/home/ecd508/ros2_humble/install/examples_rclpy_executors:/home/ecd508/ros2_humble/install/demo_nodes_py:/home/ecd508/ros2_humble/install/action_tutorials_py:/home/ecd508/ros2_humble/install/ament_uncrustify:/home/ecd508/ros2_humble/install/tracetools_trace:/home/ecd508/ros2_humble/install/tracetools_read:/home/ecd508/ros2_humble/install/test_tracetools_launch:/home/ecd508/ros2_humble/install/test_launch_ros:/home/ecd508/ros2_humble/install/sensor_msgs_py:/home/ecd508/ros2_humble/install/rpyutils:/home/ecd508/ros2_humble/install/rosidl_runtime_py:/home/ecd508/ros2_humble/install/rosidl_cli:/home/ecd508/ros2_humble/install/launch_pytest:/home/ecd508/ros2_humble/install/launch_testing:/home/ecd508/ros2_humble/install/launch_yaml:/home/ecd508/ros2_humble/install/launch_xml:/home/ecd508/ros2_humble/install/launch:/home/ecd508/ros2_humble/install/osrf_pycommon:/home/ecd508/ros2_humble/install/domain_coordinator:/home/ecd508/ros2_humble/install/ament_xmllint:/home/ecd508/ros2_humble/install/ament_pyflakes:/home/ecd508/ros2_humble/install/ament_pycodestyle:/home/ecd508/ros2_humble/install/ament_pep257:/home/ecd508/ros2_humble/install/ament_pclint:/home/ecd508/ros2_humble/install/ament_package:/home/ecd508/ros2_humble/install/ament_mypy:/home/ecd508/ros2_humble/install/ament_lint_cmake:/home/ecd508/ros2_humble/install/ament_flake8:/home/ecd508/ros2_humble/install/ament_copyright:/home/ecd508/ros2_humble/install/ament_lint:/home/ecd508/ros2_humble/install/ament_index_python:/home/ecd508/ros2_humble/install/ament_cpplint:/home/ecd508/ros2_humble/install/ament_cppcheck:/home/ecd508/ros2_humble/install/ament_clang_tidy:/home/ecd508/ros2_humble/install/ament_clang_format /usr/bin/cmake /home/ecd508/f1tenth_ws_4/src/f1tenth_system/vesc/vesc_msgs -DCMAKE_INSTALL_PREFIX=/home/ecd508/f1tenth_ws_4/src/install/vesc_msgs
[14.030s] Invoking command in '/home/ecd508/f1tenth_ws_4/src/build/vesc_msgs': CMAKE_PREFIX_PATH=${CMAKE_PREFIX_PATH}:/home/ecd508/f1tenth_ws_4/install/f1tenth_stack:/home/ecd508/f1tenth_ws_4/install/joy_teleop:/home/ecd508/f1tenth_ws_4/install/mouse_teleop:/home/ecd508/f1tenth_ws_4/install/key_teleop:/opt/ros/humble:/home/ecd508/ros2_humble/install/rqt_bag_plugins:/home/ecd508/ros2_humble/install/rqt_bag:/home/ecd508/ros2_humble/install/launch_testing_examples:/home/ecd508/ros2_humble/install/ros2bag:/home/ecd508/ros2_humble/install/tracetools_test:/home/ecd508/ros2_humble/install/tracetools_launch:/home/ecd508/ros2_humble/install/topic_monitor:/home/ecd508/ros2_humble/install/tf2_tools:/home/ecd508/ros2_humble/install/examples_tf2_py:/home/ecd508/ros2_humble/install/tf2_ros_py:/home/ecd508/ros2_humble/install/sros2:/home/ecd508/ros2_humble/install/rqt_topic:/home/ecd508/ros2_humble/install/rqt_srv:/home/ecd508/ros2_humble/install/rqt_shell:/home/ecd508/ros2_humble/install/rqt_service_caller:/home/ecd508/ros2_humble/install/rqt_reconfigure:/home/ecd508/ros2_humble/install/rqt_py_console:/home/ecd508/ros2_humble/install/rqt_publisher:/home/ecd508/ros2_humble/install/rqt_plot:/home/ecd508/ros2_humble/install/rqt_action:/home/ecd508/ros2_humble/install/rqt_msg:/home/ecd508/ros2_humble/install/rqt_console:/home/ecd508/ros2_humble/install/rqt:/home/ecd508/ros2_humble/install/rqt_graph:/home/ecd508/ros2_humble/install/rqt_gui_py:/home/ecd508/ros2_humble/install/rqt_gui:/home/ecd508/ros2_humble/install/ros2trace:/home/ecd508/ros2_humble/install/ros2topic:/home/ecd508/ros2_humble/install/ros2test:/home/ecd508/ros2_humble/install/ros2component:/home/ecd508/ros2_humble/install/ros2param:/home/ecd508/ros2_humble/install/ros2lifecycle:/home/ecd508/ros2_humble/install/ros2service:/home/ecd508/ros2_humble/install/ros2run:/home/ecd508/ros2_humble/install/ros2launch:/home/ecd508/ros2_humble/install/ros2pkg:/home/ecd508/ros2_humble/install/ros2node:/home/ecd508/ros2_humble/install/ros2multicast:/home/ecd508/ros2_humble/install/ros2interface:/home/ecd508/ros2_humble/install/ros2doctor:/home/ecd508/ros2_humble/install/ros2action:/home/ecd508/ros2_humble/install/ros2cli:/home/ecd508/ros2_humble/install/quality_of_service_demo_py:/home/ecd508/ros2_humble/install/lifecycle_py:/home/ecd508/ros2_humble/install/launch_testing_ros:/home/ecd508/ros2_humble/install/launch_ros:/home/ecd508/ros2_humble/install/examples_rclpy_pointcloud_publisher:/home/ecd508/ros2_humble/install/examples_rclpy_minimal_subscriber:/home/ecd508/ros2_humble/install/examples_rclpy_minimal_service:/home/ecd508/ros2_humble/install/examples_rclpy_minimal_publisher:/home/ecd508/ros2_humble/install/examples_rclpy_minimal_client:/home/ecd508/ros2_humble/install/examples_rclpy_minimal_action_server:/home/ecd508/ros2_humble/install/examples_rclpy_minimal_action_client:/home/ecd508/ros2_humble/install/examples_rclpy_guard_conditions:/home/ecd508/ros2_humble/install/examples_rclpy_executors:/home/ecd508/ros2_humble/install/demo_nodes_py:/home/ecd508/ros2_humble/install/action_tutorials_py:/home/ecd508/ros2_humble/install/ament_uncrustify:/home/ecd508/ros2_humble/install/tracetools_trace:/home/ecd508/ros2_humble/install/tracetools_read:/home/ecd508/ros2_humble/install/test_tracetools_launch:/home/ecd508/ros2_humble/install/test_launch_ros:/home/ecd508/ros2_humble/install/sensor_msgs_py:/home/ecd508/ros2_humble/install/rpyutils:/home/ecd508/ros2_humble/install/rosidl_runtime_py:/home/ecd508/ros2_humble/install/rosidl_cli:/home/ecd508/ros2_humble/install/launch_pytest:/home/ecd508/ros2_humble/install/launch_testing:/home/ecd508/ros2_humble/install/launch_yaml:/home/ecd508/ros2_humble/install/launch_xml:/home/ecd508/ros2_humble/install/launch:/home/ecd508/ros2_humble/install/osrf_pycommon:/home/ecd508/ros2_humble/install/domain_coordinator:/home/ecd508/ros2_humble/install/ament_xmllint:/home/ecd508/ros2_humble/install/ament_pyflakes:/home/ecd508/ros2_humble/install/ament_pycodestyle:/home/ecd508/ros2_humble/install/ament_pep257:/home/ecd508/ros2_humble/install/ament_pclint:/home/ecd508/ros2_humble/install/ament_package:/home/ecd508/ros2_humble/install/ament_mypy:/home/ecd508/ros2_humble/install/ament_lint_cmake:/home/ecd508/ros2_humble/install/ament_flake8:/home/ecd508/ros2_humble/install/ament_copyright:/home/ecd508/ros2_humble/install/ament_lint:/home/ecd508/ros2_humble/install/ament_index_python:/home/ecd508/ros2_humble/install/ament_cpplint:/home/ecd508/ros2_humble/install/ament_cppcheck:/home/ecd508/ros2_humble/install/ament_clang_tidy:/home/ecd508/ros2_humble/install/ament_clang_format /usr/bin/cmake --build /home/ecd508/f1tenth_ws_4/src/build/vesc_msgs -- -j6 -l6
[14.600s] [  1%] [34m[1mGenerating C code for ROS interfaces[0m
[14.782s] [  3%] [34m[1mGenerating C++ code for ROS interfaces[0m
[14.897s] [  3%] Built target ament_cmake_python_copy_vesc_msgs
[19.059s] running egg_info
[19.060s] creating vesc_msgs.egg-info
[19.061s] writing vesc_msgs.egg-info/PKG-INFO
[19.061s] writing dependency_links to vesc_msgs.egg-info/dependency_links.txt
[19.062s] writing top-level names to vesc_msgs.egg-info/top_level.txt
[19.087s] writing manifest file 'vesc_msgs.egg-info/SOURCES.txt'
[19.102s] reading manifest file 'vesc_msgs.egg-info/SOURCES.txt'
[19.103s] writing manifest file 'vesc_msgs.egg-info/SOURCES.txt'
[19.524s] [  3%] Built target ament_cmake_python_build_vesc_msgs_egg
[19.850s] [  5%] [32mBuilding C object CMakeFiles/vesc_msgs__rosidl_generator_c.dir/rosidl_generator_c/vesc_msgs/msg/detail/vesc_imu__functions.c.o[0m
[19.867s] [  9%] [32mBuilding C object CMakeFiles/vesc_msgs__rosidl_generator_c.dir/rosidl_generator_c/vesc_msgs/msg/detail/vesc_state_stamped__functions.c.o[0m
[19.867s] [  9%] [32mBuilding C object CMakeFiles/vesc_msgs__rosidl_generator_c.dir/rosidl_generator_c/vesc_msgs/msg/detail/vesc_state__functions.c.o[0m
[19.932s] [ 10%] [32mBuilding C object CMakeFiles/vesc_msgs__rosidl_generator_c.dir/rosidl_generator_c/vesc_msgs/msg/detail/vesc_imu_stamped__functions.c.o[0m
[20.493s] [ 12%] [32m[1mLinking C shared library libvesc_msgs__rosidl_generator_c.so[0m
[20.588s] [ 12%] Built target vesc_msgs__cpp
[20.780s] [ 14%] [34m[1mGenerating C++ type support for eProsima Fast-RTPS[0m
[20.814s] [ 16%] [34m[1mGenerating C++ introspection for ROS interfaces[0m
[20.849s] [ 18%] [34m[1mGenerating C++ type support dispatch for ROS interfaces[0m
[21.065s] [ 18%] Built target vesc_msgs__rosidl_generator_c
[21.295s] [ 20%] [34m[1mGenerating C introspection for ROS interfaces[0m
[21.300s] [ 21%] [34m[1mGenerating C type support dispatch for ROS interfaces[0m
[21.310s] [ 23%] [34m[1mGenerating C type support for eProsima Fast-RTPS[0m
[26.311s] [ 25%] [32mBuilding CXX object CMakeFiles/vesc_msgs__rosidl_typesupport_cpp.dir/rosidl_typesupport_cpp/vesc_msgs/msg/vesc_state__type_support.cpp.o[0m
[26.704s] [ 27%] [32mBuilding CXX object CMakeFiles/vesc_msgs__rosidl_typesupport_c.dir/rosidl_typesupport_c/vesc_msgs/msg/vesc_state__type_support.cpp.o[0m
[26.877s] [ 29%] [32mBuilding CXX object CMakeFiles/vesc_msgs__rosidl_typesupport_introspection_cpp.dir/rosidl_typesupport_introspection_cpp/vesc_msgs/msg/detail/vesc_state__type_support.cpp.o[0m
[26.994s] [ 30%] [32mBuilding CXX object CMakeFiles/vesc_msgs__rosidl_typesupport_c.dir/rosidl_typesupport_c/vesc_msgs/msg/vesc_state_stamped__type_support.cpp.o[0m
[27.102s] [ 32%] [32mBuilding CXX object CMakeFiles/vesc_msgs__rosidl_typesupport_fastrtps_cpp.dir/rosidl_typesupport_fastrtps_cpp/vesc_msgs/msg/detail/dds_fastrtps/vesc_state__type_support.cpp.o[0m
[27.308s] [ 34%] [32mBuilding CXX object CMakeFiles/vesc_msgs__rosidl_typesupport_c.dir/rosidl_typesupport_c/vesc_msgs/msg/vesc_imu__type_support.cpp.o[0m
[27.571s] [ 36%] [32mBuilding CXX object CMakeFiles/vesc_msgs__rosidl_typesupport_fastrtps_c.dir/rosidl_typesupport_fastrtps_c/vesc_msgs/msg/detail/vesc_state__type_support_c.cpp.o[0m
[27.611s] [ 38%] [32mBuilding C object CMakeFiles/vesc_msgs__rosidl_typesupport_introspection_c.dir/rosidl_typesupport_introspection_c/vesc_msgs/msg/detail/vesc_state__type_support.c.o[0m
[27.630s] [ 40%] [32mBuilding CXX object CMakeFiles/vesc_msgs__rosidl_typesupport_c.dir/rosidl_typesupport_c/vesc_msgs/msg/vesc_imu_stamped__type_support.cpp.o[0m
[27.915s] [ 43%] [32mBuilding C object CMakeFiles/vesc_msgs__rosidl_typesupport_introspection_c.dir/rosidl_typesupport_introspection_c/vesc_msgs/msg/detail/vesc_state_stamped__type_support.c.o[0m
[27.926s] [ 43%] [32m[1mLinking CXX shared library libvesc_msgs__rosidl_typesupport_c.so[0m
[27.992s] [ 45%] [32mBuilding CXX object CMakeFiles/vesc_msgs__rosidl_typesupport_cpp.dir/rosidl_typesupport_cpp/vesc_msgs/msg/vesc_state_stamped__type_support.cpp.o[0m
[28.262s] [ 47%] [32mBuilding C object CMakeFiles/vesc_msgs__rosidl_typesupport_introspection_c.dir/rosidl_typesupport_introspection_c/vesc_msgs/msg/detail/vesc_imu__type_support.c.o[0m
[28.262s] [ 47%] Built target vesc_msgs__rosidl_typesupport_c
[28.403s] [ 49%] [32mBuilding CXX object CMakeFiles/vesc_msgs__rosidl_typesupport_introspection_cpp.dir/rosidl_typesupport_introspection_cpp/vesc_msgs/msg/detail/vesc_state_stamped__type_support.cpp.o[0m
[28.611s] [ 50%] [32mBuilding C object CMakeFiles/vesc_msgs__rosidl_typesupport_introspection_c.dir/rosidl_typesupport_introspection_c/vesc_msgs/msg/detail/vesc_imu_stamped__type_support.c.o[0m
[28.931s] [ 52%] [32m[1mLinking C shared library libvesc_msgs__rosidl_typesupport_introspection_c.so[0m
[29.115s] [ 52%] Built target vesc_msgs__rosidl_typesupport_introspection_c
[29.175s] [ 54%] [32mBuilding CXX object CMakeFiles/vesc_msgs__rosidl_typesupport_fastrtps_c.dir/rosidl_typesupport_fastrtps_c/vesc_msgs/msg/detail/vesc_state_stamped__type_support_c.cpp.o[0m
[29.268s] [ 56%] [32mBuilding CXX object CMakeFiles/vesc_msgs__rosidl_typesupport_introspection_cpp.dir/rosidl_typesupport_introspection_cpp/vesc_msgs/msg/detail/vesc_imu__type_support.cpp.o[0m
[29.552s] [ 58%] [32mBuilding CXX object CMakeFiles/vesc_msgs__rosidl_typesupport_fastrtps_cpp.dir/rosidl_typesupport_fastrtps_cpp/vesc_msgs/msg/detail/dds_fastrtps/vesc_state_stamped__type_support.cpp.o[0m
[29.695s] [ 60%] [32mBuilding CXX object CMakeFiles/vesc_msgs__rosidl_typesupport_fastrtps_cpp.dir/rosidl_typesupport_fastrtps_cpp/vesc_msgs/msg/detail/dds_fastrtps/vesc_imu__type_support.cpp.o[0m
[29.757s] [ 61%] [32mBuilding CXX object CMakeFiles/vesc_msgs__rosidl_typesupport_cpp.dir/rosidl_typesupport_cpp/vesc_msgs/msg/vesc_imu__type_support.cpp.o[0m
[30.246s] [ 63%] [32mBuilding CXX object CMakeFiles/vesc_msgs__rosidl_typesupport_cpp.dir/rosidl_typesupport_cpp/vesc_msgs/msg/vesc_imu_stamped__type_support.cpp.o[0m
[31.071s] [ 65%] [32mBuilding CXX object CMakeFiles/vesc_msgs__rosidl_typesupport_fastrtps_c.dir/rosidl_typesupport_fastrtps_c/vesc_msgs/msg/detail/vesc_imu__type_support_c.cpp.o[0m
[31.354s] [ 67%] [32mBuilding CXX object CMakeFiles/vesc_msgs__rosidl_typesupport_introspection_cpp.dir/rosidl_typesupport_introspection_cpp/vesc_msgs/msg/detail/vesc_imu_stamped__type_support.cpp.o[0m
[31.466s] [ 69%] [32mBuilding CXX object CMakeFiles/vesc_msgs__rosidl_typesupport_fastrtps_c.dir/rosidl_typesupport_fastrtps_c/vesc_msgs/msg/detail/vesc_imu_stamped__type_support_c.cpp.o[0m
[31.771s] [ 70%] [32mBuilding CXX object CMakeFiles/vesc_msgs__rosidl_typesupport_fastrtps_cpp.dir/rosidl_typesupport_fastrtps_cpp/vesc_msgs/msg/detail/dds_fastrtps/vesc_imu_stamped__type_support.cpp.o[0m
[31.937s] [ 72%] [32m[1mLinking CXX shared library libvesc_msgs__rosidl_typesupport_cpp.so[0m
[32.319s] [ 72%] Built target vesc_msgs__rosidl_typesupport_cpp
[33.248s] [ 74%] [32m[1mLinking CXX shared library libvesc_msgs__rosidl_typesupport_fastrtps_c.so[0m
[33.282s] [ 76%] [32m[1mLinking CXX shared library libvesc_msgs__rosidl_typesupport_introspection_cpp.so[0m
[33.423s] [ 78%] [32m[1mLinking CXX shared library libvesc_msgs__rosidl_typesupport_fastrtps_cpp.so[0m
[33.695s] [ 78%] Built target vesc_msgs__rosidl_typesupport_introspection_cpp
[33.796s] [ 78%] Built target vesc_msgs__rosidl_typesupport_fastrtps_c
[33.858s] [ 78%] Built target vesc_msgs__rosidl_typesupport_fastrtps_cpp
[34.116s] [ 78%] Built target vesc_msgs
[34.299s] [ 80%] [34m[1mGenerating Python code for ROS interfaces[0m
[37.936s] [ 80%] Built target vesc_msgs__py
[38.063s] [ 81%] [32mBuilding C object CMakeFiles/vesc_msgs__rosidl_generator_py.dir/rosidl_generator_py/vesc_msgs/msg/_vesc_state_stamped_s.c.o[0m
[38.095s] [ 83%] [32mBuilding C object CMakeFiles/vesc_msgs__rosidl_generator_py.dir/rosidl_generator_py/vesc_msgs/msg/_vesc_state_s.c.o[0m
[38.464s] [ 85%] [32mBuilding C object CMakeFiles/vesc_msgs__rosidl_generator_py.dir/rosidl_generator_py/vesc_msgs/msg/_vesc_imu_stamped_s.c.o[0m
[38.485s] [ 87%] [32mBuilding C object CMakeFiles/vesc_msgs__rosidl_generator_py.dir/rosidl_generator_py/vesc_msgs/msg/_vesc_imu_s.c.o[0m
[38.933s] [ 89%] [32m[1mLinking C shared library rosidl_generator_py/vesc_msgs/libvesc_msgs__rosidl_generator_py.so[0m
[39.145s] [ 89%] Built target vesc_msgs__rosidl_generator_py
[39.332s] [ 90%] [32mBuilding C object CMakeFiles/vesc_msgs__rosidl_typesupport_fastrtps_c__pyext.dir/rosidl_generator_py/vesc_msgs/_vesc_msgs_s.ep.rosidl_typesupport_fastrtps_c.c.o[0m
[39.349s] [ 92%] [32mBuilding C object CMakeFiles/vesc_msgs__rosidl_typesupport_introspection_c__pyext.dir/rosidl_generator_py/vesc_msgs/_vesc_msgs_s.ep.rosidl_typesupport_introspection_c.c.o[0m
[39.739s] [ 94%] [32m[1mLinking C shared library rosidl_generator_py/vesc_msgs/vesc_msgs_s__rosidl_typesupport_introspection_c.cpython-310-aarch64-linux-gnu.so[0m
[39.744s] [ 96%] [32m[1mLinking C shared library rosidl_generator_py/vesc_msgs/vesc_msgs_s__rosidl_typesupport_fastrtps_c.cpython-310-aarch64-linux-gnu.so[0m
[39.945s] [ 96%] Built target vesc_msgs__rosidl_typesupport_introspection_c__pyext
[40.045s] [ 96%] Built target vesc_msgs__rosidl_typesupport_fastrtps_c__pyext
[40.102s] [ 98%] [32mBuilding C object CMakeFiles/vesc_msgs__rosidl_typesupport_c__pyext.dir/rosidl_generator_py/vesc_msgs/_vesc_msgs_s.ep.rosidl_typesupport_c.c.o[0m
[40.444s] [100%] [32m[1mLinking C shared library rosidl_generator_py/vesc_msgs/vesc_msgs_s__rosidl_typesupport_c.cpython-310-aarch64-linux-gnu.so[0m
[40.638s] [100%] Built target vesc_msgs__rosidl_typesupport_c__pyext
[40.705s] Invoked command in '/home/ecd508/f1tenth_ws_4/src/build/vesc_msgs' returned '0': CMAKE_PREFIX_PATH=${CMAKE_PREFIX_PATH}:/home/ecd508/f1tenth_ws_4/install/f1tenth_stack:/home/ecd508/f1tenth_ws_4/install/joy_teleop:/home/ecd508/f1tenth_ws_4/install/mouse_teleop:/home/ecd508/f1tenth_ws_4/install/key_teleop:/opt/ros/humble:/home/ecd508/ros2_humble/install/rqt_bag_plugins:/home/ecd508/ros2_humble/install/rqt_bag:/home/ecd508/ros2_humble/install/launch_testing_examples:/home/ecd508/ros2_humble/install/ros2bag:/home/ecd508/ros2_humble/install/tracetools_test:/home/ecd508/ros2_humble/install/tracetools_launch:/home/ecd508/ros2_humble/install/topic_monitor:/home/ecd508/ros2_humble/install/tf2_tools:/home/ecd508/ros2_humble/install/examples_tf2_py:/home/ecd508/ros2_humble/install/tf2_ros_py:/home/ecd508/ros2_humble/install/sros2:/home/ecd508/ros2_humble/install/rqt_topic:/home/ecd508/ros2_humble/install/rqt_srv:/home/ecd508/ros2_humble/install/rqt_shell:/home/ecd508/ros2_humble/install/rqt_service_caller:/home/ecd508/ros2_humble/install/rqt_reconfigure:/home/ecd508/ros2_humble/install/rqt_py_console:/home/ecd508/ros2_humble/install/rqt_publisher:/home/ecd508/ros2_humble/install/rqt_plot:/home/ecd508/ros2_humble/install/rqt_action:/home/ecd508/ros2_humble/install/rqt_msg:/home/ecd508/ros2_humble/install/rqt_console:/home/ecd508/ros2_humble/install/rqt:/home/ecd508/ros2_humble/install/rqt_graph:/home/ecd508/ros2_humble/install/rqt_gui_py:/home/ecd508/ros2_humble/install/rqt_gui:/home/ecd508/ros2_humble/install/ros2trace:/home/ecd508/ros2_humble/install/ros2topic:/home/ecd508/ros2_humble/install/ros2test:/home/ecd508/ros2_humble/install/ros2component:/home/ecd508/ros2_humble/install/ros2param:/home/ecd508/ros2_humble/install/ros2lifecycle:/home/ecd508/ros2_humble/install/ros2service:/home/ecd508/ros2_humble/install/ros2run:/home/ecd508/ros2_humble/install/ros2launch:/home/ecd508/ros2_humble/install/ros2pkg:/home/ecd508/ros2_humble/install/ros2node:/home/ecd508/ros2_humble/install/ros2multicast:/home/ecd508/ros2_humble/install/ros2interface:/home/ecd508/ros2_humble/install/ros2doctor:/home/ecd508/ros2_humble/install/ros2action:/home/ecd508/ros2_humble/install/ros2cli:/home/ecd508/ros2_humble/install/quality_of_service_demo_py:/home/ecd508/ros2_humble/install/lifecycle_py:/home/ecd508/ros2_humble/install/launch_testing_ros:/home/ecd508/ros2_humble/install/launch_ros:/home/ecd508/ros2_humble/install/examples_rclpy_pointcloud_publisher:/home/ecd508/ros2_humble/install/examples_rclpy_minimal_subscriber:/home/ecd508/ros2_humble/install/examples_rclpy_minimal_service:/home/ecd508/ros2_humble/install/examples_rclpy_minimal_publisher:/home/ecd508/ros2_humble/install/examples_rclpy_minimal_client:/home/ecd508/ros2_humble/install/examples_rclpy_minimal_action_server:/home/ecd508/ros2_humble/install/examples_rclpy_minimal_action_client:/home/ecd508/ros2_humble/install/examples_rclpy_guard_conditions:/home/ecd508/ros2_humble/install/examples_rclpy_executors:/home/ecd508/ros2_humble/install/demo_nodes_py:/home/ecd508/ros2_humble/install/action_tutorials_py:/home/ecd508/ros2_humble/install/ament_uncrustify:/home/ecd508/ros2_humble/install/tracetools_trace:/home/ecd508/ros2_humble/install/tracetools_read:/home/ecd508/ros2_humble/install/test_tracetools_launch:/home/ecd508/ros2_humble/install/test_launch_ros:/home/ecd508/ros2_humble/install/sensor_msgs_py:/home/ecd508/ros2_humble/install/rpyutils:/home/ecd508/ros2_humble/install/rosidl_runtime_py:/home/ecd508/ros2_humble/install/rosidl_cli:/home/ecd508/ros2_humble/install/launch_pytest:/home/ecd508/ros2_humble/install/launch_testing:/home/ecd508/ros2_humble/install/launch_yaml:/home/ecd508/ros2_humble/install/launch_xml:/home/ecd508/ros2_humble/install/launch:/home/ecd508/ros2_humble/install/osrf_pycommon:/home/ecd508/ros2_humble/install/domain_coordinator:/home/ecd508/ros2_humble/install/ament_xmllint:/home/ecd508/ros2_humble/install/ament_pyflakes:/home/ecd508/ros2_humble/install/ament_pycodestyle:/home/ecd508/ros2_humble/install/ament_pep257:/home/ecd508/ros2_humble/install/ament_pclint:/home/ecd508/ros2_humble/install/ament_package:/home/ecd508/ros2_humble/install/ament_mypy:/home/ecd508/ros2_humble/install/ament_lint_cmake:/home/ecd508/ros2_humble/install/ament_flake8:/home/ecd508/ros2_humble/install/ament_copyright:/home/ecd508/ros2_humble/install/ament_lint:/home/ecd508/ros2_humble/install/ament_index_python:/home/ecd508/ros2_humble/install/ament_cpplint:/home/ecd508/ros2_humble/install/ament_cppcheck:/home/ecd508/ros2_humble/install/ament_clang_tidy:/home/ecd508/ros2_humble/install/ament_clang_format /usr/bin/cmake --build /home/ecd508/f1tenth_ws_4/src/build/vesc_msgs -- -j6 -l6
[41.824s] Invoking command in '/home/ecd508/f1tenth_ws_4/src/build/vesc_msgs': CMAKE_PREFIX_PATH=${CMAKE_PREFIX_PATH}:/home/ecd508/f1tenth_ws_4/install/f1tenth_stack:/home/ecd508/f1tenth_ws_4/install/joy_teleop:/home/ecd508/f1tenth_ws_4/install/mouse_teleop:/home/ecd508/f1tenth_ws_4/install/key_teleop:/opt/ros/humble:/home/ecd508/ros2_humble/install/rqt_bag_plugins:/home/ecd508/ros2_humble/install/rqt_bag:/home/ecd508/ros2_humble/install/launch_testing_examples:/home/ecd508/ros2_humble/install/ros2bag:/home/ecd508/ros2_humble/install/tracetools_test:/home/ecd508/ros2_humble/install/tracetools_launch:/home/ecd508/ros2_humble/install/topic_monitor:/home/ecd508/ros2_humble/install/tf2_tools:/home/ecd508/ros2_humble/install/examples_tf2_py:/home/ecd508/ros2_humble/install/tf2_ros_py:/home/ecd508/ros2_humble/install/sros2:/home/ecd508/ros2_humble/install/rqt_topic:/home/ecd508/ros2_humble/install/rqt_srv:/home/ecd508/ros2_humble/install/rqt_shell:/home/ecd508/ros2_humble/install/rqt_service_caller:/home/ecd508/ros2_humble/install/rqt_reconfigure:/home/ecd508/ros2_humble/install/rqt_py_console:/home/ecd508/ros2_humble/install/rqt_publisher:/home/ecd508/ros2_humble/install/rqt_plot:/home/ecd508/ros2_humble/install/rqt_action:/home/ecd508/ros2_humble/install/rqt_msg:/home/ecd508/ros2_humble/install/rqt_console:/home/ecd508/ros2_humble/install/rqt:/home/ecd508/ros2_humble/install/rqt_graph:/home/ecd508/ros2_humble/install/rqt_gui_py:/home/ecd508/ros2_humble/install/rqt_gui:/home/ecd508/ros2_humble/install/ros2trace:/home/ecd508/ros2_humble/install/ros2topic:/home/ecd508/ros2_humble/install/ros2test:/home/ecd508/ros2_humble/install/ros2component:/home/ecd508/ros2_humble/install/ros2param:/home/ecd508/ros2_humble/install/ros2lifecycle:/home/ecd508/ros2_humble/install/ros2service:/home/ecd508/ros2_humble/install/ros2run:/home/ecd508/ros2_humble/install/ros2launch:/home/ecd508/ros2_humble/install/ros2pkg:/home/ecd508/ros2_humble/install/ros2node:/home/ecd508/ros2_humble/install/ros2multicast:/home/ecd508/ros2_humble/install/ros2interface:/home/ecd508/ros2_humble/install/ros2doctor:/home/ecd508/ros2_humble/install/ros2action:/home/ecd508/ros2_humble/install/ros2cli:/home/ecd508/ros2_humble/install/quality_of_service_demo_py:/home/ecd508/ros2_humble/install/lifecycle_py:/home/ecd508/ros2_humble/install/launch_testing_ros:/home/ecd508/ros2_humble/install/launch_ros:/home/ecd508/ros2_humble/install/examples_rclpy_pointcloud_publisher:/home/ecd508/ros2_humble/install/examples_rclpy_minimal_subscriber:/home/ecd508/ros2_humble/install/examples_rclpy_minimal_service:/home/ecd508/ros2_humble/install/examples_rclpy_minimal_publisher:/home/ecd508/ros2_humble/install/examples_rclpy_minimal_client:/home/ecd508/ros2_humble/install/examples_rclpy_minimal_action_server:/home/ecd508/ros2_humble/install/examples_rclpy_minimal_action_client:/home/ecd508/ros2_humble/install/examples_rclpy_guard_conditions:/home/ecd508/ros2_humble/install/examples_rclpy_executors:/home/ecd508/ros2_humble/install/demo_nodes_py:/home/ecd508/ros2_humble/install/action_tutorials_py:/home/ecd508/ros2_humble/install/ament_uncrustify:/home/ecd508/ros2_humble/install/tracetools_trace:/home/ecd508/ros2_humble/install/tracetools_read:/home/ecd508/ros2_humble/install/test_tracetools_launch:/home/ecd508/ros2_humble/install/test_launch_ros:/home/ecd508/ros2_humble/install/sensor_msgs_py:/home/ecd508/ros2_humble/install/rpyutils:/home/ecd508/ros2_humble/install/rosidl_runtime_py:/home/ecd508/ros2_humble/install/rosidl_cli:/home/ecd508/ros2_humble/install/launch_pytest:/home/ecd508/ros2_humble/install/launch_testing:/home/ecd508/ros2_humble/install/launch_yaml:/home/ecd508/ros2_humble/install/launch_xml:/home/ecd508/ros2_humble/install/launch:/home/ecd508/ros2_humble/install/osrf_pycommon:/home/ecd508/ros2_humble/install/domain_coordinator:/home/ecd508/ros2_humble/install/ament_xmllint:/home/ecd508/ros2_humble/install/ament_pyflakes:/home/ecd508/ros2_humble/install/ament_pycodestyle:/home/ecd508/ros2_humble/install/ament_pep257:/home/ecd508/ros2_humble/install/ament_pclint:/home/ecd508/ros2_humble/install/ament_package:/home/ecd508/ros2_humble/install/ament_mypy:/home/ecd508/ros2_humble/install/ament_lint_cmake:/home/ecd508/ros2_humble/install/ament_flake8:/home/ecd508/ros2_humble/install/ament_copyright:/home/ecd508/ros2_humble/install/ament_lint:/home/ecd508/ros2_humble/install/ament_index_python:/home/ecd508/ros2_humble/install/ament_cpplint:/home/ecd508/ros2_humble/install/ament_cppcheck:/home/ecd508/ros2_humble/install/ament_clang_tidy:/home/ecd508/ros2_humble/install/ament_clang_format /usr/bin/cmake --install /home/ecd508/f1tenth_ws_4/src/build/vesc_msgs
[41.876s] -- Install configuration: ""
[41.877s] -- Installing: /home/ecd508/f1tenth_ws_4/src/install/vesc_msgs/share/ament_index/resource_index/rosidl_interfaces/vesc_msgs
[41.879s] -- Installing: /home/ecd508/f1tenth_ws_4/src/install/vesc_msgs/include/vesc_msgs/vesc_msgs
[41.880s] -- Installing: /home/ecd508/f1tenth_ws_4/src/install/vesc_msgs/include/vesc_msgs/vesc_msgs/msg
[41.880s] -- Installing: /home/ecd508/f1tenth_ws_4/src/install/vesc_msgs/include/vesc_msgs/vesc_msgs/msg/vesc_state.h
[41.881s] -- Installing: /home/ecd508/f1tenth_ws_4/src/install/vesc_msgs/include/vesc_msgs/vesc_msgs/msg/detail
[41.882s] -- Installing: /home/ecd508/f1tenth_ws_4/src/install/vesc_msgs/include/vesc_msgs/vesc_msgs/msg/detail/vesc_state_stamped__functions.c
[41.882s] -- Installing: /home/ecd508/f1tenth_ws_4/src/install/vesc_msgs/include/vesc_msgs/vesc_msgs/msg/detail/vesc_imu_stamped__type_support.h
[41.883s] -- Installing: /home/ecd508/f1tenth_ws_4/src/install/vesc_msgs/include/vesc_msgs/vesc_msgs/msg/detail/vesc_state_stamped__type_support.h
[41.884s] -- Installing: /home/ecd508/f1tenth_ws_4/src/install/vesc_msgs/include/vesc_msgs/vesc_msgs/msg/detail/vesc_state_stamped__functions.h
[41.885s] -- Installing: /home/ecd508/f1tenth_ws_4/src/install/vesc_msgs/include/vesc_msgs/vesc_msgs/msg/detail/vesc_state__type_support.h
[41.885s] -- Installing: /home/ecd508/f1tenth_ws_4/src/install/vesc_msgs/include/vesc_msgs/vesc_msgs/msg/detail/vesc_imu_stamped__functions.c
[41.886s] -- Installing: /home/ecd508/f1tenth_ws_4/src/install/vesc_msgs/include/vesc_msgs/vesc_msgs/msg/detail/vesc_state__functions.c
[41.887s] -- Installing: /home/ecd508/f1tenth_ws_4/src/install/vesc_msgs/include/vesc_msgs/vesc_msgs/msg/detail/vesc_imu__type_support.h
[41.887s] -- Installing: /home/ecd508/f1tenth_ws_4/src/install/vesc_msgs/include/vesc_msgs/vesc_msgs/msg/detail/vesc_imu__functions.h
[41.888s] -- Installing: /home/ecd508/f1tenth_ws_4/src/install/vesc_msgs/include/vesc_msgs/vesc_msgs/msg/detail/vesc_imu__functions.c
[41.889s] -- Installing: /home/ecd508/f1tenth_ws_4/src/install/vesc_msgs/include/vesc_msgs/vesc_msgs/msg/detail/vesc_imu_stamped__struct.h
[41.889s] -- Installing: /home/ecd508/f1tenth_ws_4/src/install/vesc_msgs/include/vesc_msgs/vesc_msgs/msg/detail/vesc_imu_stamped__functions.h
[41.890s] -- Installing: /home/ecd508/f1tenth_ws_4/src/install/vesc_msgs/include/vesc_msgs/vesc_msgs/msg/detail/vesc_state__functions.h
[41.890s] -- Installing: /home/ecd508/f1tenth_ws_4/src/install/vesc_msgs/include/vesc_msgs/vesc_msgs/msg/detail/vesc_imu__struct.h
[41.891s] -- Installing: /home/ecd508/f1tenth_ws_4/src/install/vesc_msgs/include/vesc_msgs/vesc_msgs/msg/detail/vesc_state_stamped__struct.h
[41.892s] -- Installing: /home/ecd508/f1tenth_ws_4/src/install/vesc_msgs/include/vesc_msgs/vesc_msgs/msg/detail/vesc_state__struct.h
[41.892s] -- Installing: /home/ecd508/f1tenth_ws_4/src/install/vesc_msgs/include/vesc_msgs/vesc_msgs/msg/vesc_imu.h
[41.893s] -- Installing: /home/ecd508/f1tenth_ws_4/src/install/vesc_msgs/include/vesc_msgs/vesc_msgs/msg/vesc_imu_stamped.h
[41.894s] -- Installing: /home/ecd508/f1tenth_ws_4/src/install/vesc_msgs/include/vesc_msgs/vesc_msgs/msg/vesc_state_stamped.h
[41.894s] -- Installing: /home/ecd508/f1tenth_ws_4/src/install/vesc_msgs/include/vesc_msgs/vesc_msgs/msg/rosidl_generator_c__visibility_control.h
[41.896s] -- Installing: /home/ecd508/f1tenth_ws_4/src/install/vesc_msgs/share/vesc_msgs/environment/library_path.sh
[41.896s] -- Installing: /home/ecd508/f1tenth_ws_4/src/install/vesc_msgs/share/vesc_msgs/environment/library_path.dsv
[41.897s] -- Installing: /home/ecd508/f1tenth_ws_4/src/install/vesc_msgs/lib/libvesc_msgs__rosidl_generator_c.so
[41.899s] -- Set runtime path of "/home/ecd508/f1tenth_ws_4/src/install/vesc_msgs/lib/libvesc_msgs__rosidl_generator_c.so" to ""
[41.900s] -- Up-to-date: /home/ecd508/f1tenth_ws_4/src/install/vesc_msgs/include/vesc_msgs/vesc_msgs
[41.900s] -- Up-to-date: /home/ecd508/f1tenth_ws_4/src/install/vesc_msgs/include/vesc_msgs/vesc_msgs/msg
[41.900s] -- Up-to-date: /home/ecd508/f1tenth_ws_4/src/install/vesc_msgs/include/vesc_msgs/vesc_msgs/msg/detail
[41.901s] -- Installing: /home/ecd508/f1tenth_ws_4/src/install/vesc_msgs/include/vesc_msgs/vesc_msgs/msg/detail/vesc_imu_stamped__rosidl_typesupport_fastrtps_c.h
[41.902s] -- Installing: /home/ecd508/f1tenth_ws_4/src/install/vesc_msgs/include/vesc_msgs/vesc_msgs/msg/detail/vesc_imu__rosidl_typesupport_fastrtps_c.h
[41.902s] -- Installing: /home/ecd508/f1tenth_ws_4/src/install/vesc_msgs/include/vesc_msgs/vesc_msgs/msg/detail/vesc_state_stamped__rosidl_typesupport_fastrtps_c.h
[41.903s] -- Installing: /home/ecd508/f1tenth_ws_4/src/install/vesc_msgs/include/vesc_msgs/vesc_msgs/msg/detail/vesc_state__rosidl_typesupport_fastrtps_c.h
[41.903s] -- Installing: /home/ecd508/f1tenth_ws_4/src/install/vesc_msgs/include/vesc_msgs/vesc_msgs/msg/rosidl_typesupport_fastrtps_c__visibility_control.h
[41.904s] -- Installing: /home/ecd508/f1tenth_ws_4/src/install/vesc_msgs/lib/libvesc_msgs__rosidl_typesupport_fastrtps_c.so
[41.905s] -- Set runtime path of "/home/ecd508/f1tenth_ws_4/src/install/vesc_msgs/lib/libvesc_msgs__rosidl_typesupport_fastrtps_c.so" to ""
[41.906s] -- Up-to-date: /home/ecd508/f1tenth_ws_4/src/install/vesc_msgs/include/vesc_msgs/vesc_msgs
[41.906s] -- Up-to-date: /home/ecd508/f1tenth_ws_4/src/install/vesc_msgs/include/vesc_msgs/vesc_msgs/msg
[41.907s] -- Installing: /home/ecd508/f1tenth_ws_4/src/install/vesc_msgs/include/vesc_msgs/vesc_msgs/msg/rosidl_typesupport_introspection_c__visibility_control.h
[41.908s] -- Up-to-date: /home/ecd508/f1tenth_ws_4/src/install/vesc_msgs/include/vesc_msgs/vesc_msgs/msg/detail
[41.908s] -- Installing: /home/ecd508/f1tenth_ws_4/src/install/vesc_msgs/include/vesc_msgs/vesc_msgs/msg/detail/vesc_imu_stamped__rosidl_typesupport_introspection_c.h
[41.909s] -- Installing: /home/ecd508/f1tenth_ws_4/src/install/vesc_msgs/include/vesc_msgs/vesc_msgs/msg/detail/vesc_imu_stamped__type_support.c
[41.910s] -- Installing: /home/ecd508/f1tenth_ws_4/src/install/vesc_msgs/include/vesc_msgs/vesc_msgs/msg/detail/vesc_state_stamped__rosidl_typesupport_introspection_c.h
[41.910s] -- Installing: /home/ecd508/f1tenth_ws_4/src/install/vesc_msgs/include/vesc_msgs/vesc_msgs/msg/detail/vesc_imu__rosidl_typesupport_introspection_c.h
[41.911s] -- Installing: /home/ecd508/f1tenth_ws_4/src/install/vesc_msgs/include/vesc_msgs/vesc_msgs/msg/detail/vesc_imu__type_support.c
[41.912s] -- Installing: /home/ecd508/f1tenth_ws_4/src/install/vesc_msgs/include/vesc_msgs/vesc_msgs/msg/detail/vesc_state_stamped__type_support.c
[41.912s] -- Installing: /home/ecd508/f1tenth_ws_4/src/install/vesc_msgs/include/vesc_msgs/vesc_msgs/msg/detail/vesc_state__rosidl_typesupport_introspection_c.h
[41.913s] -- Installing: /home/ecd508/f1tenth_ws_4/src/install/vesc_msgs/include/vesc_msgs/vesc_msgs/msg/detail/vesc_state__type_support.c
[41.914s] -- Installing: /home/ecd508/f1tenth_ws_4/src/install/vesc_msgs/lib/libvesc_msgs__rosidl_typesupport_introspection_c.so
[41.915s] -- Set runtime path of "/home/ecd508/f1tenth_ws_4/src/install/vesc_msgs/lib/libvesc_msgs__rosidl_typesupport_introspection_c.so" to ""
[41.916s] -- Installing: /home/ecd508/f1tenth_ws_4/src/install/vesc_msgs/lib/libvesc_msgs__rosidl_typesupport_c.so
[41.917s] -- Set runtime path of "/home/ecd508/f1tenth_ws_4/src/install/vesc_msgs/lib/libvesc_msgs__rosidl_typesupport_c.so" to ""
[41.917s] -- Up-to-date: /home/ecd508/f1tenth_ws_4/src/install/vesc_msgs/include/vesc_msgs/vesc_msgs
[41.918s] -- Up-to-date: /home/ecd508/f1tenth_ws_4/src/install/vesc_msgs/include/vesc_msgs/vesc_msgs/msg
[41.918s] -- Installing: /home/ecd508/f1tenth_ws_4/src/install/vesc_msgs/include/vesc_msgs/vesc_msgs/msg/vesc_state.hpp
[41.919s] -- Installing: /home/ecd508/f1tenth_ws_4/src/install/vesc_msgs/include/vesc_msgs/vesc_msgs/msg/vesc_imu_stamped.hpp
[41.919s] -- Up-to-date: /home/ecd508/f1tenth_ws_4/src/install/vesc_msgs/include/vesc_msgs/vesc_msgs/msg/detail
[41.920s] -- Installing: /home/ecd508/f1tenth_ws_4/src/install/vesc_msgs/include/vesc_msgs/vesc_msgs/msg/detail/vesc_imu_stamped__struct.hpp
[41.921s] -- Installing: /home/ecd508/f1tenth_ws_4/src/install/vesc_msgs/include/vesc_msgs/vesc_msgs/msg/detail/vesc_imu__builder.hpp
[41.921s] -- Installing: /home/ecd508/f1tenth_ws_4/src/install/vesc_msgs/include/vesc_msgs/vesc_msgs/msg/detail/vesc_imu__struct.hpp
[41.922s] -- Installing: /home/ecd508/f1tenth_ws_4/src/install/vesc_msgs/include/vesc_msgs/vesc_msgs/msg/detail/vesc_imu__traits.hpp
[41.923s] -- Installing: /home/ecd508/f1tenth_ws_4/src/install/vesc_msgs/include/vesc_msgs/vesc_msgs/msg/detail/vesc_imu_stamped__traits.hpp
[41.924s] -- Installing: /home/ecd508/f1tenth_ws_4/src/install/vesc_msgs/include/vesc_msgs/vesc_msgs/msg/detail/vesc_state_stamped__struct.hpp
[41.924s] -- Installing: /home/ecd508/f1tenth_ws_4/src/install/vesc_msgs/include/vesc_msgs/vesc_msgs/msg/detail/vesc_state__builder.hpp
[41.925s] -- Installing: /home/ecd508/f1tenth_ws_4/src/install/vesc_msgs/include/vesc_msgs/vesc_msgs/msg/detail/vesc_state_stamped__builder.hpp
[41.926s] -- Installing: /home/ecd508/f1tenth_ws_4/src/install/vesc_msgs/include/vesc_msgs/vesc_msgs/msg/detail/vesc_imu_stamped__builder.hpp
[41.926s] -- Installing: /home/ecd508/f1tenth_ws_4/src/install/vesc_msgs/include/vesc_msgs/vesc_msgs/msg/detail/vesc_state_stamped__traits.hpp
[41.927s] -- Installing: /home/ecd508/f1tenth_ws_4/src/install/vesc_msgs/include/vesc_msgs/vesc_msgs/msg/detail/vesc_state__traits.hpp
[41.928s] -- Installing: /home/ecd508/f1tenth_ws_4/src/install/vesc_msgs/include/vesc_msgs/vesc_msgs/msg/detail/vesc_state__struct.hpp
[41.928s] -- Installing: /home/ecd508/f1tenth_ws_4/src/install/vesc_msgs/include/vesc_msgs/vesc_msgs/msg/vesc_state_stamped.hpp
[41.929s] -- Installing: /home/ecd508/f1tenth_ws_4/src/install/vesc_msgs/include/vesc_msgs/vesc_msgs/msg/rosidl_generator_cpp__visibility_control.hpp
[41.930s] -- Installing: /home/ecd508/f1tenth_ws_4/src/install/vesc_msgs/include/vesc_msgs/vesc_msgs/msg/vesc_imu.hpp
[41.931s] -- Up-to-date: /home/ecd508/f1tenth_ws_4/src/install/vesc_msgs/include/vesc_msgs/vesc_msgs
[41.931s] -- Up-to-date: /home/ecd508/f1tenth_ws_4/src/install/vesc_msgs/include/vesc_msgs/vesc_msgs/msg
[41.932s] -- Up-to-date: /home/ecd508/f1tenth_ws_4/src/install/vesc_msgs/include/vesc_msgs/vesc_msgs/msg/detail
[41.932s] -- Installing: /home/ecd508/f1tenth_ws_4/src/install/vesc_msgs/include/vesc_msgs/vesc_msgs/msg/detail/vesc_imu__rosidl_typesupport_fastrtps_cpp.hpp
[41.933s] -- Installing: /home/ecd508/f1tenth_ws_4/src/install/vesc_msgs/include/vesc_msgs/vesc_msgs/msg/detail/vesc_state__rosidl_typesupport_fastrtps_cpp.hpp
[41.933s] -- Installing: /home/ecd508/f1tenth_ws_4/src/install/vesc_msgs/include/vesc_msgs/vesc_msgs/msg/detail/vesc_state_stamped__rosidl_typesupport_fastrtps_cpp.hpp
[41.934s] -- Installing: /home/ecd508/f1tenth_ws_4/src/install/vesc_msgs/include/vesc_msgs/vesc_msgs/msg/detail/dds_fastrtps
[41.934s] -- Installing: /home/ecd508/f1tenth_ws_4/src/install/vesc_msgs/include/vesc_msgs/vesc_msgs/msg/detail/vesc_imu_stamped__rosidl_typesupport_fastrtps_cpp.hpp
[41.935s] -- Installing: /home/ecd508/f1tenth_ws_4/src/install/vesc_msgs/include/vesc_msgs/vesc_msgs/msg/rosidl_typesupport_fastrtps_cpp__visibility_control.h
[41.936s] -- Installing: /home/ecd508/f1tenth_ws_4/src/install/vesc_msgs/lib/libvesc_msgs__rosidl_typesupport_fastrtps_cpp.so
[41.937s] -- Set runtime path of "/home/ecd508/f1tenth_ws_4/src/install/vesc_msgs/lib/libvesc_msgs__rosidl_typesupport_fastrtps_cpp.so" to ""
[41.938s] -- Up-to-date: /home/ecd508/f1tenth_ws_4/src/install/vesc_msgs/include/vesc_msgs/vesc_msgs
[41.939s] -- Up-to-date: /home/ecd508/f1tenth_ws_4/src/install/vesc_msgs/include/vesc_msgs/vesc_msgs/msg
[41.939s] -- Up-to-date: /home/ecd508/f1tenth_ws_4/src/install/vesc_msgs/include/vesc_msgs/vesc_msgs/msg/detail
[41.940s] -- Installing: /home/ecd508/f1tenth_ws_4/src/install/vesc_msgs/include/vesc_msgs/vesc_msgs/msg/detail/vesc_state__rosidl_typesupport_introspection_cpp.hpp
[41.940s] -- Installing: /home/ecd508/f1tenth_ws_4/src/install/vesc_msgs/include/vesc_msgs/vesc_msgs/msg/detail/vesc_state_stamped__type_support.cpp
[41.941s] -- Installing: /home/ecd508/f1tenth_ws_4/src/install/vesc_msgs/include/vesc_msgs/vesc_msgs/msg/detail/vesc_imu__rosidl_typesupport_introspection_cpp.hpp
[41.942s] -- Installing: /home/ecd508/f1tenth_ws_4/src/install/vesc_msgs/include/vesc_msgs/vesc_msgs/msg/detail/vesc_imu_stamped__rosidl_typesupport_introspection_cpp.hpp
[41.942s] -- Installing: /home/ecd508/f1tenth_ws_4/src/install/vesc_msgs/include/vesc_msgs/vesc_msgs/msg/detail/vesc_state_stamped__rosidl_typesupport_introspection_cpp.hpp
[41.943s] -- Installing: /home/ecd508/f1tenth_ws_4/src/install/vesc_msgs/include/vesc_msgs/vesc_msgs/msg/detail/vesc_imu_stamped__type_support.cpp
[41.943s] -- Installing: /home/ecd508/f1tenth_ws_4/src/install/vesc_msgs/include/vesc_msgs/vesc_msgs/msg/detail/vesc_state__type_support.cpp
[41.944s] -- Installing: /home/ecd508/f1tenth_ws_4/src/install/vesc_msgs/include/vesc_msgs/vesc_msgs/msg/detail/vesc_imu__type_support.cpp
[41.945s] -- Installing: /home/ecd508/f1tenth_ws_4/src/install/vesc_msgs/lib/libvesc_msgs__rosidl_typesupport_introspection_cpp.so
[41.946s] -- Set runtime path of "/home/ecd508/f1tenth_ws_4/src/install/vesc_msgs/lib/libvesc_msgs__rosidl_typesupport_introspection_cpp.so" to ""
[41.947s] -- Installing: /home/ecd508/f1tenth_ws_4/src/install/vesc_msgs/lib/libvesc_msgs__rosidl_typesupport_cpp.so
[41.948s] -- Set runtime path of "/home/ecd508/f1tenth_ws_4/src/install/vesc_msgs/lib/libvesc_msgs__rosidl_typesupport_cpp.so" to ""
[41.949s] -- Installing: /home/ecd508/f1tenth_ws_4/src/install/vesc_msgs/share/vesc_msgs/environment/pythonpath.sh
[41.950s] -- Installing: /home/ecd508/f1tenth_ws_4/src/install/vesc_msgs/share/vesc_msgs/environment/pythonpath.dsv
[41.950s] -- Installing: /home/ecd508/f1tenth_ws_4/src/install/vesc_msgs/local/lib/python3.10/dist-packages/vesc_msgs-1.1.0-py3.10.egg-info
[41.951s] -- Installing: /home/ecd508/f1tenth_ws_4/src/install/vesc_msgs/local/lib/python3.10/dist-packages/vesc_msgs-1.1.0-py3.10.egg-info/SOURCES.txt
[41.952s] -- Installing: /home/ecd508/f1tenth_ws_4/src/install/vesc_msgs/local/lib/python3.10/dist-packages/vesc_msgs-1.1.0-py3.10.egg-info/dependency_links.txt
[41.952s] -- Installing: /home/ecd508/f1tenth_ws_4/src/install/vesc_msgs/local/lib/python3.10/dist-packages/vesc_msgs-1.1.0-py3.10.egg-info/PKG-INFO
[41.953s] -- Installing: /home/ecd508/f1tenth_ws_4/src/install/vesc_msgs/local/lib/python3.10/dist-packages/vesc_msgs-1.1.0-py3.10.egg-info/top_level.txt
[41.954s] -- Installing: /home/ecd508/f1tenth_ws_4/src/install/vesc_msgs/local/lib/python3.10/dist-packages/vesc_msgs
[41.954s] -- Installing: /home/ecd508/f1tenth_ws_4/src/install/vesc_msgs/local/lib/python3.10/dist-packages/vesc_msgs/_vesc_msgs_s.ep.rosidl_typesupport_introspection_c.c
[41.955s] -- Installing: /home/ecd508/f1tenth_ws_4/src/install/vesc_msgs/local/lib/python3.10/dist-packages/vesc_msgs/vesc_msgs_s__rosidl_typesupport_introspection_c.cpython-310-aarch64-linux-gnu.so
[41.956s] -- Installing: /home/ecd508/f1tenth_ws_4/src/install/vesc_msgs/local/lib/python3.10/dist-packages/vesc_msgs/__init__.py
[41.956s] -- Installing: /home/ecd508/f1tenth_ws_4/src/install/vesc_msgs/local/lib/python3.10/dist-packages/vesc_msgs/vesc_msgs_s__rosidl_typesupport_c.cpython-310-aarch64-linux-gnu.so
[41.957s] -- Installing: /home/ecd508/f1tenth_ws_4/src/install/vesc_msgs/local/lib/python3.10/dist-packages/vesc_msgs/libvesc_msgs__rosidl_generator_py.so
[41.958s] -- Installing: /home/ecd508/f1tenth_ws_4/src/install/vesc_msgs/local/lib/python3.10/dist-packages/vesc_msgs/_vesc_msgs_s.ep.rosidl_typesupport_fastrtps_c.c
[41.958s] -- Installing: /home/ecd508/f1tenth_ws_4/src/install/vesc_msgs/local/lib/python3.10/dist-packages/vesc_msgs/msg
[41.959s] -- Installing: /home/ecd508/f1tenth_ws_4/src/install/vesc_msgs/local/lib/python3.10/dist-packages/vesc_msgs/msg/_vesc_state.py
[41.960s] -- Installing: /home/ecd508/f1tenth_ws_4/src/install/vesc_msgs/local/lib/python3.10/dist-packages/vesc_msgs/msg/_vesc_state_stamped.py
[41.960s] -- Installing: /home/ecd508/f1tenth_ws_4/src/install/vesc_msgs/local/lib/python3.10/dist-packages/vesc_msgs/msg/_vesc_imu_s.c
[41.961s] -- Installing: /home/ecd508/f1tenth_ws_4/src/install/vesc_msgs/local/lib/python3.10/dist-packages/vesc_msgs/msg/__init__.py
[41.962s] -- Installing: /home/ecd508/f1tenth_ws_4/src/install/vesc_msgs/local/lib/python3.10/dist-packages/vesc_msgs/msg/_vesc_imu.py
[41.962s] -- Installing: /home/ecd508/f1tenth_ws_4/src/install/vesc_msgs/local/lib/python3.10/dist-packages/vesc_msgs/msg/_vesc_state_stamped_s.c
[41.963s] -- Installing: /home/ecd508/f1tenth_ws_4/src/install/vesc_msgs/local/lib/python3.10/dist-packages/vesc_msgs/msg/_vesc_imu_stamped.py
[41.966s] -- Installing: /home/ecd508/f1tenth_ws_4/src/install/vesc_msgs/local/lib/python3.10/dist-packages/vesc_msgs/msg/_vesc_state_s.c
[41.966s] -- Installing: /home/ecd508/f1tenth_ws_4/src/install/vesc_msgs/local/lib/python3.10/dist-packages/vesc_msgs/msg/_vesc_imu_stamped_s.c
[41.967s] -- Installing: /home/ecd508/f1tenth_ws_4/src/install/vesc_msgs/local/lib/python3.10/dist-packages/vesc_msgs/_vesc_msgs_s.ep.rosidl_typesupport_c.c
[41.968s] -- Installing: /home/ecd508/f1tenth_ws_4/src/install/vesc_msgs/local/lib/python3.10/dist-packages/vesc_msgs/vesc_msgs_s__rosidl_typesupport_fastrtps_c.cpython-310-aarch64-linux-gnu.so
[42.450s] Listing '/home/ecd508/f1tenth_ws_4/src/install/vesc_msgs/local/lib/python3.10/dist-packages/vesc_msgs'...
[42.450s] Compiling '/home/ecd508/f1tenth_ws_4/src/install/vesc_msgs/local/lib/python3.10/dist-packages/vesc_msgs/__init__.py'...
[42.450s] Listing '/home/ecd508/f1tenth_ws_4/src/install/vesc_msgs/local/lib/python3.10/dist-packages/vesc_msgs/msg'...
[42.450s] Compiling '/home/ecd508/f1tenth_ws_4/src/install/vesc_msgs/local/lib/python3.10/dist-packages/vesc_msgs/msg/__init__.py'...
[42.450s] Compiling '/home/ecd508/f1tenth_ws_4/src/install/vesc_msgs/local/lib/python3.10/dist-packages/vesc_msgs/msg/_vesc_imu.py'...
[42.451s] Compiling '/home/ecd508/f1tenth_ws_4/src/install/vesc_msgs/local/lib/python3.10/dist-packages/vesc_msgs/msg/_vesc_imu_stamped.py'...
[42.451s] Compiling '/home/ecd508/f1tenth_ws_4/src/install/vesc_msgs/local/lib/python3.10/dist-packages/vesc_msgs/msg/_vesc_state.py'...
[42.451s] Compiling '/home/ecd508/f1tenth_ws_4/src/install/vesc_msgs/local/lib/python3.10/dist-packages/vesc_msgs/msg/_vesc_state_stamped.py'...
[42.480s] -- Installing: /home/ecd508/f1tenth_ws_4/src/install/vesc_msgs/local/lib/python3.10/dist-packages/vesc_msgs/vesc_msgs_s__rosidl_typesupport_fastrtps_c.cpython-310-aarch64-linux-gnu.so
[42.480s] -- Set runtime path of "/home/ecd508/f1tenth_ws_4/src/install/vesc_msgs/local/lib/python3.10/dist-packages/vesc_msgs/vesc_msgs_s__rosidl_typesupport_fastrtps_c.cpython-310-aarch64-linux-gnu.so" to ""
[42.481s] -- Installing: /home/ecd508/f1tenth_ws_4/src/install/vesc_msgs/local/lib/python3.10/dist-packages/vesc_msgs/vesc_msgs_s__rosidl_typesupport_introspection_c.cpython-310-aarch64-linux-gnu.so
[42.481s] -- Set runtime path of "/home/ecd508/f1tenth_ws_4/src/install/vesc_msgs/local/lib/python3.10/dist-packages/vesc_msgs/vesc_msgs_s__rosidl_typesupport_introspection_c.cpython-310-aarch64-linux-gnu.so" to ""
[42.482s] -- Installing: /home/ecd508/f1tenth_ws_4/src/install/vesc_msgs/local/lib/python3.10/dist-packages/vesc_msgs/vesc_msgs_s__rosidl_typesupport_c.cpython-310-aarch64-linux-gnu.so
[42.482s] -- Set runtime path of "/home/ecd508/f1tenth_ws_4/src/install/vesc_msgs/local/lib/python3.10/dist-packages/vesc_msgs/vesc_msgs_s__rosidl_typesupport_c.cpython-310-aarch64-linux-gnu.so" to ""
[42.482s] -- Installing: /home/ecd508/f1tenth_ws_4/src/install/vesc_msgs/lib/libvesc_msgs__rosidl_generator_py.so
[42.483s] -- Set runtime path of "/home/ecd508/f1tenth_ws_4/src/install/vesc_msgs/lib/libvesc_msgs__rosidl_generator_py.so" to ""
[42.483s] -- Installing: /home/ecd508/f1tenth_ws_4/src/install/vesc_msgs/share/vesc_msgs/msg/VescState.idl
[42.484s] -- Installing: /home/ecd508/f1tenth_ws_4/src/install/vesc_msgs/share/vesc_msgs/msg/VescStateStamped.idl
[42.484s] -- Installing: /home/ecd508/f1tenth_ws_4/src/install/vesc_msgs/share/vesc_msgs/msg/VescImu.idl
[42.484s] -- Installing: /home/ecd508/f1tenth_ws_4/src/install/vesc_msgs/share/vesc_msgs/msg/VescImuStamped.idl
[42.485s] -- Installing: /home/ecd508/f1tenth_ws_4/src/install/vesc_msgs/share/vesc_msgs/msg/VescState.msg
[42.486s] -- Installing: /home/ecd508/f1tenth_ws_4/src/install/vesc_msgs/share/vesc_msgs/msg/VescStateStamped.msg
[42.486s] -- Installing: /home/ecd508/f1tenth_ws_4/src/install/vesc_msgs/share/vesc_msgs/msg/VescImu.msg
[42.487s] -- Installing: /home/ecd508/f1tenth_ws_4/src/install/vesc_msgs/share/vesc_msgs/msg/VescImuStamped.msg
[42.488s] -- Installing: /home/ecd508/f1tenth_ws_4/src/install/vesc_msgs/share/ament_index/resource_index/package_run_dependencies/vesc_msgs
[42.489s] -- Installing: /home/ecd508/f1tenth_ws_4/src/install/vesc_msgs/share/ament_index/resource_index/parent_prefix_path/vesc_msgs
[42.490s] -- Installing: /home/ecd508/f1tenth_ws_4/src/install/vesc_msgs/share/vesc_msgs/environment/ament_prefix_path.sh
[42.491s] -- Installing: /home/ecd508/f1tenth_ws_4/src/install/vesc_msgs/share/vesc_msgs/environment/ament_prefix_path.dsv
[42.491s] -- Installing: /home/ecd508/f1tenth_ws_4/src/install/vesc_msgs/share/vesc_msgs/environment/path.sh
[42.492s] -- Installing: /home/ecd508/f1tenth_ws_4/src/install/vesc_msgs/share/vesc_msgs/environment/path.dsv
[42.493s] -- Installing: /home/ecd508/f1tenth_ws_4/src/install/vesc_msgs/share/vesc_msgs/local_setup.bash
[42.493s] -- Installing: /home/ecd508/f1tenth_ws_4/src/install/vesc_msgs/share/vesc_msgs/local_setup.sh
[42.494s] -- Installing: /home/ecd508/f1tenth_ws_4/src/install/vesc_msgs/share/vesc_msgs/local_setup.zsh
[42.495s] -- Installing: /home/ecd508/f1tenth_ws_4/src/install/vesc_msgs/share/vesc_msgs/local_setup.dsv
[42.495s] -- Installing: /home/ecd508/f1tenth_ws_4/src/install/vesc_msgs/share/vesc_msgs/package.dsv
[42.496s] -- Installing: /home/ecd508/f1tenth_ws_4/src/install/vesc_msgs/share/ament_index/resource_index/packages/vesc_msgs
[42.497s] -- Installing: /home/ecd508/f1tenth_ws_4/src/install/vesc_msgs/share/vesc_msgs/cmake/export_vesc_msgs__rosidl_generator_cExport.cmake
[42.498s] -- Installing: /home/ecd508/f1tenth_ws_4/src/install/vesc_msgs/share/vesc_msgs/cmake/export_vesc_msgs__rosidl_generator_cExport-noconfig.cmake
[42.498s] -- Installing: /home/ecd508/f1tenth_ws_4/src/install/vesc_msgs/share/vesc_msgs/cmake/export_vesc_msgs__rosidl_typesupport_fastrtps_cExport.cmake
[42.499s] -- Installing: /home/ecd508/f1tenth_ws_4/src/install/vesc_msgs/share/vesc_msgs/cmake/export_vesc_msgs__rosidl_typesupport_fastrtps_cExport-noconfig.cmake
[42.500s] -- Installing: /home/ecd508/f1tenth_ws_4/src/install/vesc_msgs/share/vesc_msgs/cmake/vesc_msgs__rosidl_typesupport_introspection_cExport.cmake
[42.501s] -- Installing: /home/ecd508/f1tenth_ws_4/src/install/vesc_msgs/share/vesc_msgs/cmake/vesc_msgs__rosidl_typesupport_introspection_cExport-noconfig.cmake
[42.501s] -- Installing: /home/ecd508/f1tenth_ws_4/src/install/vesc_msgs/share/vesc_msgs/cmake/vesc_msgs__rosidl_typesupport_cExport.cmake
[42.502s] -- Installing: /home/ecd508/f1tenth_ws_4/src/install/vesc_msgs/share/vesc_msgs/cmake/vesc_msgs__rosidl_typesupport_cExport-noconfig.cmake
[42.503s] -- Installing: /home/ecd508/f1tenth_ws_4/src/install/vesc_msgs/share/vesc_msgs/cmake/export_vesc_msgs__rosidl_generator_cppExport.cmake
[42.504s] -- Installing: /home/ecd508/f1tenth_ws_4/src/install/vesc_msgs/share/vesc_msgs/cmake/export_vesc_msgs__rosidl_typesupport_fastrtps_cppExport.cmake
[42.504s] -- Installing: /home/ecd508/f1tenth_ws_4/src/install/vesc_msgs/share/vesc_msgs/cmake/export_vesc_msgs__rosidl_typesupport_fastrtps_cppExport-noconfig.cmake
[42.505s] -- Installing: /home/ecd508/f1tenth_ws_4/src/install/vesc_msgs/share/vesc_msgs/cmake/vesc_msgs__rosidl_typesupport_introspection_cppExport.cmake
[42.506s] -- Installing: /home/ecd508/f1tenth_ws_4/src/install/vesc_msgs/share/vesc_msgs/cmake/vesc_msgs__rosidl_typesupport_introspection_cppExport-noconfig.cmake
[42.507s] -- Installing: /home/ecd508/f1tenth_ws_4/src/install/vesc_msgs/share/vesc_msgs/cmake/vesc_msgs__rosidl_typesupport_cppExport.cmake
[42.507s] -- Installing: /home/ecd508/f1tenth_ws_4/src/install/vesc_msgs/share/vesc_msgs/cmake/vesc_msgs__rosidl_typesupport_cppExport-noconfig.cmake
[42.508s] -- Installing: /home/ecd508/f1tenth_ws_4/src/install/vesc_msgs/share/vesc_msgs/cmake/export_vesc_msgs__rosidl_generator_pyExport.cmake
[42.509s] -- Installing: /home/ecd508/f1tenth_ws_4/src/install/vesc_msgs/share/vesc_msgs/cmake/export_vesc_msgs__rosidl_generator_pyExport-noconfig.cmake
[42.510s] -- Installing: /home/ecd508/f1tenth_ws_4/src/install/vesc_msgs/share/vesc_msgs/cmake/rosidl_cmake-extras.cmake
[42.510s] -- Installing: /home/ecd508/f1tenth_ws_4/src/install/vesc_msgs/share/vesc_msgs/cmake/ament_cmake_export_dependencies-extras.cmake
[42.511s] -- Installing: /home/ecd508/f1tenth_ws_4/src/install/vesc_msgs/share/vesc_msgs/cmake/ament_cmake_export_include_directories-extras.cmake
[42.512s] -- Installing: /home/ecd508/f1tenth_ws_4/src/install/vesc_msgs/share/vesc_msgs/cmake/ament_cmake_export_libraries-extras.cmake
[42.512s] -- Installing: /home/ecd508/f1tenth_ws_4/src/install/vesc_msgs/share/vesc_msgs/cmake/ament_cmake_export_targets-extras.cmake
[42.513s] -- Installing: /home/ecd508/f1tenth_ws_4/src/install/vesc_msgs/share/vesc_msgs/cmake/rosidl_cmake_export_typesupport_targets-extras.cmake
[42.514s] -- Installing: /home/ecd508/f1tenth_ws_4/src/install/vesc_msgs/share/vesc_msgs/cmake/rosidl_cmake_export_typesupport_libraries-extras.cmake
[42.515s] -- Installing: /home/ecd508/f1tenth_ws_4/src/install/vesc_msgs/share/vesc_msgs/cmake/vesc_msgsConfig.cmake
[42.515s] -- Installing: /home/ecd508/f1tenth_ws_4/src/install/vesc_msgs/share/vesc_msgs/cmake/vesc_msgsConfig-version.cmake
[42.516s] -- Installing: /home/ecd508/f1tenth_ws_4/src/install/vesc_msgs/share/vesc_msgs/package.xml
[42.526s] Invoked command in '/home/ecd508/f1tenth_ws_4/src/build/vesc_msgs' returned '0': CMAKE_PREFIX_PATH=${CMAKE_PREFIX_PATH}:/home/ecd508/f1tenth_ws_4/install/f1tenth_stack:/home/ecd508/f1tenth_ws_4/install/joy_teleop:/home/ecd508/f1tenth_ws_4/install/mouse_teleop:/home/ecd508/f1tenth_ws_4/install/key_teleop:/opt/ros/humble:/home/ecd508/ros2_humble/install/rqt_bag_plugins:/home/ecd508/ros2_humble/install/rqt_bag:/home/ecd508/ros2_humble/install/launch_testing_examples:/home/ecd508/ros2_humble/install/ros2bag:/home/ecd508/ros2_humble/install/tracetools_test:/home/ecd508/ros2_humble/install/tracetools_launch:/home/ecd508/ros2_humble/install/topic_monitor:/home/ecd508/ros2_humble/install/tf2_tools:/home/ecd508/ros2_humble/install/examples_tf2_py:/home/ecd508/ros2_humble/install/tf2_ros_py:/home/ecd508/ros2_humble/install/sros2:/home/ecd508/ros2_humble/install/rqt_topic:/home/ecd508/ros2_humble/install/rqt_srv:/home/ecd508/ros2_humble/install/rqt_shell:/home/ecd508/ros2_humble/install/rqt_service_caller:/home/ecd508/ros2_humble/install/rqt_reconfigure:/home/ecd508/ros2_humble/install/rqt_py_console:/home/ecd508/ros2_humble/install/rqt_publisher:/home/ecd508/ros2_humble/install/rqt_plot:/home/ecd508/ros2_humble/install/rqt_action:/home/ecd508/ros2_humble/install/rqt_msg:/home/ecd508/ros2_humble/install/rqt_console:/home/ecd508/ros2_humble/install/rqt:/home/ecd508/ros2_humble/install/rqt_graph:/home/ecd508/ros2_humble/install/rqt_gui_py:/home/ecd508/ros2_humble/install/rqt_gui:/home/ecd508/ros2_humble/install/ros2trace:/home/ecd508/ros2_humble/install/ros2topic:/home/ecd508/ros2_humble/install/ros2test:/home/ecd508/ros2_humble/install/ros2component:/home/ecd508/ros2_humble/install/ros2param:/home/ecd508/ros2_humble/install/ros2lifecycle:/home/ecd508/ros2_humble/install/ros2service:/home/ecd508/ros2_humble/install/ros2run:/home/ecd508/ros2_humble/install/ros2launch:/home/ecd508/ros2_humble/install/ros2pkg:/home/ecd508/ros2_humble/install/ros2node:/home/ecd508/ros2_humble/install/ros2multicast:/home/ecd508/ros2_humble/install/ros2interface:/home/ecd508/ros2_humble/install/ros2doctor:/home/ecd508/ros2_humble/install/ros2action:/home/ecd508/ros2_humble/install/ros2cli:/home/ecd508/ros2_humble/install/quality_of_service_demo_py:/home/ecd508/ros2_humble/install/lifecycle_py:/home/ecd508/ros2_humble/install/launch_testing_ros:/home/ecd508/ros2_humble/install/launch_ros:/home/ecd508/ros2_humble/install/examples_rclpy_pointcloud_publisher:/home/ecd508/ros2_humble/install/examples_rclpy_minimal_subscriber:/home/ecd508/ros2_humble/install/examples_rclpy_minimal_service:/home/ecd508/ros2_humble/install/examples_rclpy_minimal_publisher:/home/ecd508/ros2_humble/install/examples_rclpy_minimal_client:/home/ecd508/ros2_humble/install/examples_rclpy_minimal_action_server:/home/ecd508/ros2_humble/install/examples_rclpy_minimal_action_client:/home/ecd508/ros2_humble/install/examples_rclpy_guard_conditions:/home/ecd508/ros2_humble/install/examples_rclpy_executors:/home/ecd508/ros2_humble/install/demo_nodes_py:/home/ecd508/ros2_humble/install/action_tutorials_py:/home/ecd508/ros2_humble/install/ament_uncrustify:/home/ecd508/ros2_humble/install/tracetools_trace:/home/ecd508/ros2_humble/install/tracetools_read:/home/ecd508/ros2_humble/install/test_tracetools_launch:/home/ecd508/ros2_humble/install/test_launch_ros:/home/ecd508/ros2_humble/install/sensor_msgs_py:/home/ecd508/ros2_humble/install/rpyutils:/home/ecd508/ros2_humble/install/rosidl_runtime_py:/home/ecd508/ros2_humble/install/rosidl_cli:/home/ecd508/ros2_humble/install/launch_pytest:/home/ecd508/ros2_humble/install/launch_testing:/home/ecd508/ros2_humble/install/launch_yaml:/home/ecd508/ros2_humble/install/launch_xml:/home/ecd508/ros2_humble/install/launch:/home/ecd508/ros2_humble/install/osrf_pycommon:/home/ecd508/ros2_humble/install/domain_coordinator:/home/ecd508/ros2_humble/install/ament_xmllint:/home/ecd508/ros2_humble/install/ament_pyflakes:/home/ecd508/ros2_humble/install/ament_pycodestyle:/home/ecd508/ros2_humble/install/ament_pep257:/home/ecd508/ros2_humble/install/ament_pclint:/home/ecd508/ros2_humble/install/ament_package:/home/ecd508/ros2_humble/install/ament_mypy:/home/ecd508/ros2_humble/install/ament_lint_cmake:/home/ecd508/ros2_humble/install/ament_flake8:/home/ecd508/ros2_humble/install/ament_copyright:/home/ecd508/ros2_humble/install/ament_lint:/home/ecd508/ros2_humble/install/ament_index_python:/home/ecd508/ros2_humble/install/ament_cpplint:/home/ecd508/ros2_humble/install/ament_cppcheck:/home/ecd508/ros2_humble/install/ament_clang_tidy:/home/ecd508/ros2_humble/install/ament_clang_format /usr/bin/cmake --install /home/ecd508/f1tenth_ws_4/src/build/vesc_msgs
